---------------------------------------------------------------
[ 2020-12-31T10:37:45+08:00 ] 127.0.0.1 GET ywd100.com/
[运行时间：0.888051s] [吞吐率：1.13req/s] [内存消耗：2,676.41kb] [文件加载：46]
[ info ] [ LANG ] E:\phpStudy\WWW\ywd100\thinkphp\lang\zh-cn.php
[ info ] [ ROUTE ] array (
  'type' => 'module',
  'module' => 
  array (
    0 => '',
    1 => NULL,
    2 => NULL,
  ),
)
[ info ] [ HEADER ] array (
  'accept-language' => 'zh-CN,zh;q=0.9',
  'accept-encoding' => 'gzip, deflate',
  'accept' => 'text/html,application/xhtml+xml,application/xml;q=0.9,image/avif,image/webp,image/apng,*/*;q=0.8,application/signed-exchange;v=b3;q=0.9',
  'user-agent' => 'Mozilla/5.0 (Windows NT 6.1; Win64; x64) AppleWebKit/537.36 (KHTML, like Gecko) Chrome/87.0.4280.88 Safari/537.36',
  'upgrade-insecure-requests' => '1',
  'connection' => 'keep-alive',
  'host' => 'ywd100.com',
  'content-length' => '',
  'content-type' => '',
)
[ info ] [ PARAM ] array (
)
[ info ] [ DB ] INIT mysql
[ info ] [ RUN ] app\index\controller\Index->index[ E:\phpStudy\WWW\ywd100\application\index\controller\Index.php ]
[ info ] [ SESSION ] INIT array (
  'id' => '',
  'var_session_id' => '',
  'prefix' => 'think',
  'type' => '',
  'auto_start' => true,
)
[ info ] [ VIEW ] E:\phpStudy\WWW\ywd100\application/../Template/default/index\index\index.html [ array (
  0 => 'personInfo',
  1 => 'teacherList',
  2 => 'videoList',
) ]
[ info ] [ LOG ] INIT File
[ sql ] [ DB ] CONNECT:[ UseTime:0.011000s ] mysql:host=127.0.0.1;port=3306;dbname=ydtkt_new;charset=utf8
[ sql ] [ SQL ] SHOW COLUMNS FROM `guard_visitors` [ RunTime:0.194011s ]
[ sql ] [ SQL ] INSERT INTO `guard_visitors` (`is_wx` , `froms` , `ip` , `add_time` , `system` , `browser` , `pageview` , `source_link`) VALUES (0 , '内网ip' , '127.0.0.1' , 1609382265 , 'Windows 7' , 'Chrome 87.0.4280.88' , '//' , ' ') [ RunTime:0.048002s ]
[ sql ] [ SQL ] SHOW COLUMNS FROM `guard_subject` [ RunTime:0.058003s ]
[ sql ] [ SQL ] SELECT `subject` FROM `guard_subject` WHERE  `id` IN (1,2,3,10) [ RunTime:0.001000s ]
[ sql ] [ SQL ] SHOW COLUMNS FROM `guard_video_class` [ RunTime:0.032002s ]
[ sql ] [ SQL ] SELECT `id` FROM `guard_video_class` WHERE  `grade_id` = '7' LIMIT 1 [ RunTime:0.001000s ]
[ sql ] [ SQL ] SHOW COLUMNS FROM `guard_video` [ RunTime:0.030001s ]
[ sql ] [ SQL ] SELECT `s`.`subject`,`v`.*,vc.img as image FROM `guard_video` `v` INNER JOIN `guard_video_class` `vc` ON `vc`.`id`=`v`.`kid` INNER JOIN `guard_subject` `s` ON `s`.`id`=`vc`.`subject_id` INNER JOIN `guard_grade` `g` ON `g`.`id`=`vc`.`grade_id` WHERE  (  v.audi=1 and v.outline != ''  )  AND `v`.`display` = 1  AND (  vc.grade_id in (7) ) GROUP BY vc.subject_id,vc.Semester LIMIT 0,4 [ RunTime:0.036002s ]
[ sql ] [ SQL ] SHOW COLUMNS FROM `guard_teacher` [ RunTime:0.034002s ]
[ sql ] [ SQL ] SELECT `t`.* FROM `guard_teacher` `t` INNER JOIN `guard_subject` `s` ON `s`.`id`=`t`.`subject_id` WHERE  (  t.is_show = 1 ) GROUP BY `t`.`name` ORDER BY `t`.`type` DESC,`t`.`schoolid` DESC,`t`.`subject_id`,`t`.`grade_id`,`t`.`sort` [ RunTime:0.003001s ]
---------------------------------------------------------------
[ 2020-12-31T10:37:46+08:00 ] 127.0.0.1 POST ywd100.com/index/index/auditionlist
[运行时间：0.095006s] [吞吐率：10.53req/s] [内存消耗：2,246.54kb] [文件加载：41]
[ info ] [ LANG ] E:\phpStudy\WWW\ywd100\thinkphp\lang\zh-cn.php
[ info ] [ ROUTE ] array (
  'type' => 'module',
  'module' => 
  array (
    0 => 'index',
    1 => 'index',
    2 => 'auditionlist',
  ),
)
[ info ] [ HEADER ] array (
  'cookie' => 'PHPSESSID=gdiqipkqe7ajj2p1e2slp698n7',
  'accept-language' => 'zh-CN,zh;q=0.9',
  'accept-encoding' => 'gzip, deflate',
  'referer' => 'http://ywd100.com/',
  'origin' => 'http://ywd100.com',
  'content-type' => 'application/x-www-form-urlencoded; charset=UTF-8',
  'user-agent' => 'Mozilla/5.0 (Windows NT 6.1; Win64; x64) AppleWebKit/537.36 (KHTML, like Gecko) Chrome/87.0.4280.88 Safari/537.36',
  'x-requested-with' => 'XMLHttpRequest',
  'accept' => 'application/json, text/javascript, */*; q=0.01',
  'content-length' => '3',
  'connection' => 'keep-alive',
  'host' => 'ywd100.com',
)
[ info ] [ PARAM ] array (
  'v' => '7',
)
[ info ] [ DB ] INIT mysql
[ info ] [ RUN ] app\index\controller\Index->auditionlist[ E:\phpStudy\WWW\ywd100\application\index\controller\Index.php ]
[ info ] [ LOG ] INIT File
[ sql ] [ DB ] CONNECT:[ UseTime:0.002000s ] mysql:host=127.0.0.1;port=3306;dbname=ydtkt_new;charset=utf8
[ sql ] [ SQL ] SHOW COLUMNS FROM `guard_subject` [ RunTime:0.017001s ]
[ sql ] [ SQL ] SELECT `subject` FROM `guard_subject` WHERE  `id` IN (1,2,3,10) [ RunTime:0.002000s ]
[ sql ] [ SQL ] SHOW COLUMNS FROM `guard_video` [ RunTime:0.018001s ]
[ sql ] [ SQL ] SELECT `s`.`subject`,`v`.*,vc.img as image,vc.popularity as popu FROM `guard_video` `v` INNER JOIN `guard_video_class` `vc` ON `vc`.`id`=`v`.`kid` INNER JOIN `guard_subject` `s` ON `s`.`id`=`vc`.`subject_id` INNER JOIN `guard_grade` `g` ON `g`.`id`=`vc`.`grade_id` WHERE  (  v.audi=1 and v.outline != ''  )  AND `v`.`display` = 1  AND `vc`.`grade_id` = '7' GROUP BY vc.Semester,vc.subject_id LIMIT 0,8 [ RunTime:0.015001s ]
---------------------------------------------------------------
[ 2020-12-31T10:37:47+08:00 ] 127.0.0.1 GET ywd100.com/index/Login/judgeLogin
[运行时间：0.057003s] [吞吐率：17.54req/s] [内存消耗：2,082.88kb] [文件加载：39]
[ info ] [ LANG ] E:\phpStudy\WWW\ywd100\thinkphp\lang\zh-cn.php
[ info ] [ ROUTE ] array (
  'type' => 'module',
  'module' => 
  array (
    0 => 'index',
    1 => 'Login',
    2 => 'judgeLogin',
  ),
)
[ info ] [ HEADER ] array (
  'cookie' => 'PHPSESSID=gdiqipkqe7ajj2p1e2slp698n7',
  'accept-language' => 'zh-CN,zh;q=0.9',
  'accept-encoding' => 'gzip, deflate',
  'referer' => 'http://ywd100.com/',
  'x-requested-with' => 'XMLHttpRequest',
  'user-agent' => 'Mozilla/5.0 (Windows NT 6.1; Win64; x64) AppleWebKit/537.36 (KHTML, like Gecko) Chrome/87.0.4280.88 Safari/537.36',
  'accept' => 'application/json, text/javascript, */*; q=0.01',
  'connection' => 'keep-alive',
  'host' => 'ywd100.com',
  'content-length' => '',
  'content-type' => '',
)
[ info ] [ PARAM ] array (
)
[ info ] [ DB ] INIT mysql
[ info ] [ RUN ] app\index\controller\Login->judgeLogin[ E:\phpStudy\WWW\ywd100\application\index\controller\Login.php ]
[ info ] [ LOG ] INIT File
---------------------------------------------------------------
[ 2020-12-31T10:38:17+08:00 ] 127.0.0.1 POST ywd100.com/index/index/closeBrowserIpLog
[运行时间：0.115007s] [吞吐率：8.70req/s] [内存消耗：2,309.37kb] [文件加载：46]
[ info ] [ LANG ] E:\phpStudy\WWW\ywd100\thinkphp\lang\zh-cn.php
[ info ] [ ROUTE ] array (
  'type' => 'module',
  'module' => 
  array (
    0 => 'index',
    1 => 'index',
    2 => 'closeBrowserIpLog',
  ),
)
[ info ] [ HEADER ] array (
  'accept-language' => 'zh-CN,zh;q=0.9',
  'accept-encoding' => 'gzip, deflate',
  'referer' => 'http://ywd100.com/',
  'origin' => 'http://ywd100.com',
  'x-requested-with' => 'XMLHttpRequest',
  'user-agent' => 'Mozilla/5.0 (Windows NT 6.1; Win64; x64) AppleWebKit/537.36 (KHTML, like Gecko) Chrome/87.0.4280.88 Safari/537.36',
  'accept' => '*/*',
  'content-length' => '0',
  'connection' => 'keep-alive',
  'host' => 'ywd100.com',
  'content-type' => '',
)
[ info ] [ PARAM ] array (
)
[ info ] [ DB ] INIT mysql
[ info ] [ RUN ] app\index\controller\Index->closeBrowserIpLog[ E:\phpStudy\WWW\ywd100\application\index\controller\Index.php ]
[ info ] [ LOG ] INIT File
[ sql ] [ DB ] CONNECT:[ UseTime:0.011001s ] mysql:host=127.0.0.1;port=3306;dbname=ydtkt_new;charset=utf8
[ sql ] [ SQL ] SHOW COLUMNS FROM `guard_subject` [ RunTime:0.008000s ]
[ sql ] [ SQL ] SELECT `subject` FROM `guard_subject` WHERE  `id` IN (1,2,3,10) [ RunTime:0.000000s ]
[ error ] [8]未定义数组索引: uid[E:\phpStudy\WWW\ywd100\application\index\controller\Index.php:777]
---------------------------------------------------------------
[ 2020-12-31T10:38:17+08:00 ] 127.0.0.1 GET ywd100.com/index/CoursePay
[运行时间：0.022001s] [吞吐率：45.45req/s] [内存消耗：1,173.24kb] [文件加载：29]
[ info ] [ LANG ] E:\phpStudy\WWW\ywd100\thinkphp\lang\zh-cn.php
[ info ] [ ROUTE ] array (
  'type' => 'module',
  'module' => 
  array (
    0 => 'index',
    1 => 'CoursePay',
    2 => NULL,
  ),
)
[ info ] [ HEADER ] array (
  'accept-language' => 'zh-CN,zh;q=0.9',
  'accept-encoding' => 'gzip, deflate',
  'accept' => 'text/html,application/xhtml+xml,application/xml;q=0.9,image/avif,image/webp,image/apng,*/*;q=0.8,application/signed-exchange;v=b3;q=0.9',
  'user-agent' => 'Mozilla/5.0 (Windows NT 6.1; Win64; x64) AppleWebKit/537.36 (KHTML, like Gecko) Chrome/87.0.4280.88 Safari/537.36',
  'upgrade-insecure-requests' => '1',
  'connection' => 'keep-alive',
  'host' => 'ywd100.com',
  'content-length' => '',
  'content-type' => '',
)
[ info ] [ PARAM ] array (
)
[ info ] [ LOG ] INIT File
---------------------------------------------------------------
[ 2020-12-31T10:38:24+08:00 ] 127.0.0.1 GET ywd100.com/index/CoursePay/index
[运行时间：0.020001s] [吞吐率：50.00req/s] [内存消耗：1,173.35kb] [文件加载：29]
[ info ] [ LANG ] E:\phpStudy\WWW\ywd100\thinkphp\lang\zh-cn.php
[ info ] [ ROUTE ] array (
  'type' => 'module',
  'module' => 
  array (
    0 => 'index',
    1 => 'CoursePay',
    2 => 'index',
  ),
)
[ info ] [ HEADER ] array (
  'cookie' => 'PHPSESSID=o81juqi6ie57dd5n6r070gkt12',
  'accept-language' => 'zh-CN,zh;q=0.9',
  'accept-encoding' => 'gzip, deflate',
  'accept' => 'text/html,application/xhtml+xml,application/xml;q=0.9,image/avif,image/webp,image/apng,*/*;q=0.8,application/signed-exchange;v=b3;q=0.9',
  'user-agent' => 'Mozilla/5.0 (Windows NT 6.1; Win64; x64) AppleWebKit/537.36 (KHTML, like Gecko) Chrome/87.0.4280.88 Safari/537.36',
  'upgrade-insecure-requests' => '1',
  'connection' => 'keep-alive',
  'host' => 'ywd100.com',
  'content-length' => '',
  'content-type' => '',
)
[ info ] [ PARAM ] array (
)
[ info ] [ LOG ] INIT File
---------------------------------------------------------------
[ 2020-12-31T10:38:32+08:00 ] 127.0.0.1 GET ywd100.com/index/coursepay/index
[运行时间：0.022001s] [吞吐率：45.45req/s] [内存消耗：1,173.35kb] [文件加载：29]
[ info ] [ LANG ] E:\phpStudy\WWW\ywd100\thinkphp\lang\zh-cn.php
[ info ] [ ROUTE ] array (
  'type' => 'module',
  'module' => 
  array (
    0 => 'index',
    1 => 'coursepay',
    2 => 'index',
  ),
)
[ info ] [ HEADER ] array (
  'cookie' => 'PHPSESSID=o81juqi6ie57dd5n6r070gkt12',
  'accept-language' => 'zh-CN,zh;q=0.9',
  'accept-encoding' => 'gzip, deflate',
  'accept' => 'text/html,application/xhtml+xml,application/xml;q=0.9,image/avif,image/webp,image/apng,*/*;q=0.8,application/signed-exchange;v=b3;q=0.9',
  'user-agent' => 'Mozilla/5.0 (Windows NT 6.1; Win64; x64) AppleWebKit/537.36 (KHTML, like Gecko) Chrome/87.0.4280.88 Safari/537.36',
  'upgrade-insecure-requests' => '1',
  'connection' => 'keep-alive',
  'host' => 'ywd100.com',
  'content-length' => '',
  'content-type' => '',
)
[ info ] [ PARAM ] array (
)
[ info ] [ LOG ] INIT File
---------------------------------------------------------------
[ 2020-12-31T10:38:55+08:00 ] 127.0.0.1 GET ywd100.com/index/course/
[运行时间：0.330019s] [吞吐率：3.03req/s] [内存消耗：2,845.98kb] [文件加载：50]
[ info ] [ LANG ] E:\phpStudy\WWW\ywd100\thinkphp\lang\zh-cn.php
[ info ] [ ROUTE ] array (
  'type' => 'module',
  'module' => 
  array (
    0 => 'index',
    1 => 'course',
    2 => NULL,
  ),
)
[ info ] [ HEADER ] array (
  'cookie' => 'PHPSESSID=o81juqi6ie57dd5n6r070gkt12',
  'accept-language' => 'zh-CN,zh;q=0.9',
  'accept-encoding' => 'gzip, deflate',
  'accept' => 'text/html,application/xhtml+xml,application/xml;q=0.9,image/avif,image/webp,image/apng,*/*;q=0.8,application/signed-exchange;v=b3;q=0.9',
  'user-agent' => 'Mozilla/5.0 (Windows NT 6.1; Win64; x64) AppleWebKit/537.36 (KHTML, like Gecko) Chrome/87.0.4280.88 Safari/537.36',
  'upgrade-insecure-requests' => '1',
  'connection' => 'keep-alive',
  'host' => 'ywd100.com',
  'content-length' => '',
  'content-type' => '',
)
[ info ] [ PARAM ] array (
)
[ info ] [ DB ] INIT mysql
[ info ] [ LOG ] INIT File
[ sql ] [ DB ] CONNECT:[ UseTime:0.002000s ] mysql:host=127.0.0.1;port=3306;dbname=ydtkt_new;charset=utf8
[ sql ] [ SQL ] SHOW COLUMNS FROM `guard_visitors` [ RunTime:0.013001s ]
[ sql ] [ SQL ] INSERT INTO `guard_visitors` (`is_wx` , `froms` , `ip` , `add_time` , `system` , `browser` , `pageview` , `source_link`) VALUES (0 , '内网ip' , '127.0.0.1' , 1609382335 , 'Windows 7' , 'Chrome 87.0.4280.88' , '/index/course/' , ' ') [ RunTime:0.036002s ]
---------------------------------------------------------------
[ 2020-12-31T10:40:57+08:00 ] 127.0.0.1 GET ywd100.com/index/course_pay/coursePay
[运行时间：0.910052s] [吞吐率：1.10req/s] [内存消耗：2,849.31kb] [文件加载：52]
[ info ] [ LANG ] E:\phpStudy\WWW\ywd100\thinkphp\lang\zh-cn.php
[ info ] [ ROUTE ] array (
  'type' => 'module',
  'module' => 
  array (
    0 => 'index',
    1 => 'course_pay',
    2 => 'coursePay',
  ),
)
[ info ] [ HEADER ] array (
  'cookie' => 'PHPSESSID=o81juqi6ie57dd5n6r070gkt12',
  'accept-language' => 'zh-CN,zh;q=0.9',
  'accept-encoding' => 'gzip, deflate',
  'accept' => 'text/html,application/xhtml+xml,application/xml;q=0.9,image/avif,image/webp,image/apng,*/*;q=0.8,application/signed-exchange;v=b3;q=0.9',
  'user-agent' => 'Mozilla/5.0 (Windows NT 6.1; Win64; x64) AppleWebKit/537.36 (KHTML, like Gecko) Chrome/87.0.4280.88 Safari/537.36',
  'upgrade-insecure-requests' => '1',
  'connection' => 'keep-alive',
  'host' => 'ywd100.com',
  'content-length' => '',
  'content-type' => '',
)
[ info ] [ PARAM ] array (
)
[ info ] [ DB ] INIT mysql
[ info ] [ RUN ] app\index\controller\CoursePay->coursePay[ E:\phpStudy\WWW\ywd100\application\index\controller\CoursePay.php ]
[ info ] [ VIEW ] E:\phpStudy\WWW\ywd100\application/../Template/default/index\course\coursePay.html [ array (
  0 => 'url',
) ]
[ info ] [ LOG ] INIT File
[ sql ] [ DB ] CONNECT:[ UseTime:0.011000s ] mysql:host=127.0.0.1;port=3306;dbname=ydtkt_new;charset=utf8
[ sql ] [ SQL ] SHOW COLUMNS FROM `guard_visitors` [ RunTime:0.011001s ]
[ sql ] [ SQL ] INSERT INTO `guard_visitors` (`is_wx` , `froms` , `ip` , `add_time` , `system` , `browser` , `pageview` , `source_link`) VALUES (0 , '内网ip' , '127.0.0.1' , 1609382457 , 'Windows 7' , 'Chrome 87.0.4280.88' , '/index/course_pay/coursePay' , ' ') [ RunTime:0.095005s ]
---------------------------------------------------------------
[ 2020-12-31T10:40:57+08:00 ] 127.0.0.1 GET ywd100.com/index/Login/judgeLogin
[运行时间：0.037002s] [吞吐率：27.03req/s] [内存消耗：2,082.90kb] [文件加载：39]
[ info ] [ LANG ] E:\phpStudy\WWW\ywd100\thinkphp\lang\zh-cn.php
[ info ] [ ROUTE ] array (
  'type' => 'module',
  'module' => 
  array (
    0 => 'index',
    1 => 'Login',
    2 => 'judgeLogin',
  ),
)
[ info ] [ HEADER ] array (
  'cookie' => 'PHPSESSID=o81juqi6ie57dd5n6r070gkt12',
  'accept-language' => 'zh-CN,zh;q=0.9',
  'accept-encoding' => 'gzip, deflate',
  'referer' => 'http://ywd100.com/index/course_pay/coursePay',
  'x-requested-with' => 'XMLHttpRequest',
  'user-agent' => 'Mozilla/5.0 (Windows NT 6.1; Win64; x64) AppleWebKit/537.36 (KHTML, like Gecko) Chrome/87.0.4280.88 Safari/537.36',
  'accept' => 'application/json, text/javascript, */*; q=0.01',
  'connection' => 'keep-alive',
  'host' => 'ywd100.com',
  'content-length' => '',
  'content-type' => '',
)
[ info ] [ PARAM ] array (
)
[ info ] [ DB ] INIT mysql
[ info ] [ RUN ] app\index\controller\Login->judgeLogin[ E:\phpStudy\WWW\ywd100\application\index\controller\Login.php ]
[ info ] [ LOG ] INIT File
---------------------------------------------------------------
[ 2020-12-31T10:41:12+08:00 ] 127.0.0.1 POST ywd100.com/index/index/closeBrowserIpLog
[运行时间：0.048003s] [吞吐率：20.83req/s] [内存消耗：2,309.88kb] [文件加载：46]
[ info ] [ LANG ] E:\phpStudy\WWW\ywd100\thinkphp\lang\zh-cn.php
[ info ] [ ROUTE ] array (
  'type' => 'module',
  'module' => 
  array (
    0 => 'index',
    1 => 'index',
    2 => 'closeBrowserIpLog',
  ),
)
[ info ] [ HEADER ] array (
  'cookie' => 'PHPSESSID=o81juqi6ie57dd5n6r070gkt12',
  'accept-language' => 'zh-CN,zh;q=0.9',
  'accept-encoding' => 'gzip, deflate',
  'referer' => 'http://ywd100.com/index/course_pay/coursePay',
  'origin' => 'http://ywd100.com',
  'x-requested-with' => 'XMLHttpRequest',
  'user-agent' => 'Mozilla/5.0 (iPhone; CPU iPhone OS 13_2_3 like Mac OS X) AppleWebKit/605.1.15 (KHTML, like Gecko) Version/13.0.3 Mobile/15E148 Safari/604.1',
  'accept' => '*/*',
  'content-length' => '0',
  'connection' => 'keep-alive',
  'host' => 'ywd100.com',
  'content-type' => '',
)
[ info ] [ PARAM ] array (
)
[ info ] [ DB ] INIT mysql
[ info ] [ RUN ] app\index\controller\Index->closeBrowserIpLog[ E:\phpStudy\WWW\ywd100\application\index\controller\Index.php ]
[ info ] [ LOG ] INIT File
[ sql ] [ DB ] CONNECT:[ UseTime:0.000000s ] mysql:host=127.0.0.1;port=3306;dbname=ydtkt_new;charset=utf8
[ sql ] [ SQL ] SHOW COLUMNS FROM `guard_subject` [ RunTime:0.008001s ]
[ sql ] [ SQL ] SELECT `subject` FROM `guard_subject` WHERE  `id` IN (1,2,3,10) [ RunTime:0.001000s ]
[ error ] [8]未定义数组索引: uid[E:\phpStudy\WWW\ywd100\application\index\controller\Index.php:777]
---------------------------------------------------------------
[ 2020-12-31T10:41:12+08:00 ] 127.0.0.1 GET ywd100.com/index/course_pay/coursePay
[运行时间：0.415024s] [吞吐率：2.41req/s] [内存消耗：2,831.25kb] [文件加载：52]
[ info ] [ LANG ] E:\phpStudy\WWW\ywd100\thinkphp\lang\zh-cn.php
[ info ] [ ROUTE ] array (
  'type' => 'module',
  'module' => 
  array (
    0 => 'index',
    1 => 'course_pay',
    2 => 'coursePay',
  ),
)
[ info ] [ HEADER ] array (
  'cookie' => 'PHPSESSID=o81juqi6ie57dd5n6r070gkt12',
  'accept-language' => 'zh-CN,zh;q=0.9',
  'accept-encoding' => 'gzip, deflate',
  'accept' => 'text/html,application/xhtml+xml,application/xml;q=0.9,image/avif,image/webp,image/apng,*/*;q=0.8,application/signed-exchange;v=b3;q=0.9',
  'user-agent' => 'Mozilla/5.0 (iPhone; CPU iPhone OS 13_2_3 like Mac OS X) AppleWebKit/605.1.15 (KHTML, like Gecko) Version/13.0.3 Mobile/15E148 Safari/604.1',
  'upgrade-insecure-requests' => '1',
  'cache-control' => 'max-age=0',
  'connection' => 'keep-alive',
  'host' => 'ywd100.com',
  'content-length' => '',
  'content-type' => '',
)
[ info ] [ PARAM ] array (
)
[ info ] [ DB ] INIT mysql
[ info ] [ RUN ] app\index\controller\CoursePay->coursePay[ E:\phpStudy\WWW\ywd100\application\index\controller\CoursePay.php ]
[ info ] [ VIEW ] E:\phpStudy\WWW\ywd100\application/../Template/mobile/index\course\coursePay.html [ array (
  0 => 'url',
) ]
[ info ] [ LOG ] INIT File
[ sql ] [ DB ] CONNECT:[ UseTime:0.002000s ] mysql:host=127.0.0.1;port=3306;dbname=ydtkt_new;charset=utf8
[ sql ] [ SQL ] SHOW COLUMNS FROM `guard_visitors` [ RunTime:0.019001s ]
[ sql ] [ SQL ] INSERT INTO `guard_visitors` (`is_wx` , `froms` , `ip` , `add_time` , `system` , `browser` , `pageview` , `source_link`) VALUES (0 , '内网ip' , '127.0.0.1' , 1609382472 , 'Mozilla/5.0 (iPhone; CPU iPhone OS 13_2_3 like Mac OS X) AppleWebKit/605.1.15 (KHTML, like Gecko) Version/13.0.3 Mobile/15E148 Safari/604.1' , 'Safari 5.0' , '/index/course_pay/coursePay' , ' ') [ RunTime:0.105006s ]
---------------------------------------------------------------
[ 2020-12-31T10:42:22+08:00 ] 127.0.0.1 GET ywd100.com/index/course_pay/coursePay
[运行时间：0.360021s] [吞吐率：2.78req/s] [内存消耗：2,682.36kb] [文件加载：50]
[ info ] [ LANG ] E:\phpStudy\WWW\ywd100\thinkphp\lang\zh-cn.php
[ info ] [ ROUTE ] array (
  'type' => 'module',
  'module' => 
  array (
    0 => 'index',
    1 => 'course_pay',
    2 => 'coursePay',
  ),
)
[ info ] [ HEADER ] array (
  'cookie' => 'PHPSESSID=o81juqi6ie57dd5n6r070gkt12',
  'accept-language' => 'zh-CN,zh;q=0.9',
  'accept-encoding' => 'gzip, deflate',
  'accept' => 'text/html,application/xhtml+xml,application/xml;q=0.9,image/avif,image/webp,image/apng,*/*;q=0.8,application/signed-exchange;v=b3;q=0.9',
  'user-agent' => 'Mozilla/5.0 (iPhone; CPU iPhone OS 13_2_3 like Mac OS X) AppleWebKit/605.1.15 (KHTML, like Gecko) Version/13.0.3 Mobile/15E148 Safari/604.1',
  'upgrade-insecure-requests' => '1',
  'cache-control' => 'max-age=0',
  'connection' => 'keep-alive',
  'host' => 'ywd100.com',
  'content-length' => '',
  'content-type' => '',
)
[ info ] [ PARAM ] array (
)
[ info ] [ DB ] INIT mysql
[ info ] [ RUN ] app\index\controller\CoursePay->coursePay[ E:\phpStudy\WWW\ywd100\application\index\controller\CoursePay.php ]
[ info ] [ VIEW ] E:\phpStudy\WWW\ywd100\application/../Template/mobile/index\course\coursePay.html [ array (
  0 => 'url',
) ]
[ info ] [ LOG ] INIT File
[ sql ] [ DB ] CONNECT:[ UseTime:0.011001s ] mysql:host=127.0.0.1;port=3306;dbname=ydtkt_new;charset=utf8
[ sql ] [ SQL ] SHOW COLUMNS FROM `guard_visitors` [ RunTime:0.012001s ]
[ sql ] [ SQL ] INSERT INTO `guard_visitors` (`is_wx` , `froms` , `ip` , `add_time` , `system` , `browser` , `pageview` , `source_link`) VALUES (0 , '内网ip' , '127.0.0.1' , 1609382542 , 'Mozilla/5.0 (iPhone; CPU iPhone OS 13_2_3 like Mac OS X) AppleWebKit/605.1.15 (KHTML, like Gecko) Version/13.0.3 Mobile/15E148 Safari/604.1' , 'Safari 5.0' , '/index/course_pay/coursePay' , ' ') [ RunTime:0.060003s ]
---------------------------------------------------------------
[ 2020-12-31T10:42:27+08:00 ] 127.0.0.1 GET ywd100.com/index/course_pay/coursePay
[运行时间：0.321019s] [吞吐率：3.12req/s] [内存消耗：2,682.36kb] [文件加载：50]
[ info ] [ LANG ] E:\phpStudy\WWW\ywd100\thinkphp\lang\zh-cn.php
[ info ] [ ROUTE ] array (
  'type' => 'module',
  'module' => 
  array (
    0 => 'index',
    1 => 'course_pay',
    2 => 'coursePay',
  ),
)
[ info ] [ HEADER ] array (
  'cookie' => 'PHPSESSID=o81juqi6ie57dd5n6r070gkt12',
  'accept-language' => 'zh-CN,zh;q=0.9',
  'accept-encoding' => 'gzip, deflate',
  'accept' => 'text/html,application/xhtml+xml,application/xml;q=0.9,image/avif,image/webp,image/apng,*/*;q=0.8,application/signed-exchange;v=b3;q=0.9',
  'user-agent' => 'Mozilla/5.0 (iPhone; CPU iPhone OS 13_2_3 like Mac OS X) AppleWebKit/605.1.15 (KHTML, like Gecko) Version/13.0.3 Mobile/15E148 Safari/604.1',
  'upgrade-insecure-requests' => '1',
  'cache-control' => 'max-age=0',
  'connection' => 'keep-alive',
  'host' => 'ywd100.com',
  'content-length' => '',
  'content-type' => '',
)
[ info ] [ PARAM ] array (
)
[ info ] [ DB ] INIT mysql
[ info ] [ RUN ] app\index\controller\CoursePay->coursePay[ E:\phpStudy\WWW\ywd100\application\index\controller\CoursePay.php ]
[ info ] [ VIEW ] E:\phpStudy\WWW\ywd100\application/../Template/mobile/index\course\coursePay.html [ array (
  0 => 'url',
) ]
[ info ] [ LOG ] INIT File
[ sql ] [ DB ] CONNECT:[ UseTime:0.011000s ] mysql:host=127.0.0.1;port=3306;dbname=ydtkt_new;charset=utf8
[ sql ] [ SQL ] SHOW COLUMNS FROM `guard_visitors` [ RunTime:0.011001s ]
[ sql ] [ SQL ] INSERT INTO `guard_visitors` (`is_wx` , `froms` , `ip` , `add_time` , `system` , `browser` , `pageview` , `source_link`) VALUES (0 , '内网ip' , '127.0.0.1' , 1609382547 , 'Mozilla/5.0 (iPhone; CPU iPhone OS 13_2_3 like Mac OS X) AppleWebKit/605.1.15 (KHTML, like Gecko) Version/13.0.3 Mobile/15E148 Safari/604.1' , 'Safari 5.0' , '/index/course_pay/coursePay' , ' ') [ RunTime:0.045002s ]
---------------------------------------------------------------
[ 2020-12-31T10:43:00+08:00 ] 127.0.0.1 GET ywd100.com/index/course_pay/coursePay
[运行时间：0.282017s] [吞吐率：3.55req/s] [内存消耗：2,682.36kb] [文件加载：50]
[ info ] [ LANG ] E:\phpStudy\WWW\ywd100\thinkphp\lang\zh-cn.php
[ info ] [ ROUTE ] array (
  'type' => 'module',
  'module' => 
  array (
    0 => 'index',
    1 => 'course_pay',
    2 => 'coursePay',
  ),
)
[ info ] [ HEADER ] array (
  'cookie' => 'PHPSESSID=o81juqi6ie57dd5n6r070gkt12',
  'accept-language' => 'zh-CN,zh;q=0.9',
  'accept-encoding' => 'gzip, deflate',
  'accept' => 'text/html,application/xhtml+xml,application/xml;q=0.9,image/avif,image/webp,image/apng,*/*;q=0.8,application/signed-exchange;v=b3;q=0.9',
  'user-agent' => 'Mozilla/5.0 (iPhone; CPU iPhone OS 13_2_3 like Mac OS X) AppleWebKit/605.1.15 (KHTML, like Gecko) Version/13.0.3 Mobile/15E148 Safari/604.1',
  'upgrade-insecure-requests' => '1',
  'cache-control' => 'max-age=0',
  'connection' => 'keep-alive',
  'host' => 'ywd100.com',
  'content-length' => '',
  'content-type' => '',
)
[ info ] [ PARAM ] array (
)
[ info ] [ DB ] INIT mysql
[ info ] [ RUN ] app\index\controller\CoursePay->coursePay[ E:\phpStudy\WWW\ywd100\application\index\controller\CoursePay.php ]
[ info ] [ VIEW ] E:\phpStudy\WWW\ywd100\application/../Template/mobile/index\course\coursePay.html [ array (
  0 => 'url',
) ]
[ info ] [ LOG ] INIT File
[ sql ] [ DB ] CONNECT:[ UseTime:0.002000s ] mysql:host=127.0.0.1;port=3306;dbname=ydtkt_new;charset=utf8
[ sql ] [ SQL ] SHOW COLUMNS FROM `guard_visitors` [ RunTime:0.012001s ]
[ sql ] [ SQL ] INSERT INTO `guard_visitors` (`is_wx` , `froms` , `ip` , `add_time` , `system` , `browser` , `pageview` , `source_link`) VALUES (0 , '内网ip' , '127.0.0.1' , 1609382580 , 'Mozilla/5.0 (iPhone; CPU iPhone OS 13_2_3 like Mac OS X) AppleWebKit/605.1.15 (KHTML, like Gecko) Version/13.0.3 Mobile/15E148 Safari/604.1' , 'Safari 5.0' , '/index/course_pay/coursePay' , ' ') [ RunTime:0.040002s ]
---------------------------------------------------------------
[ 2020-12-31T10:43:10+08:00 ] 127.0.0.1 GET ywd100.com/index/course_pay/coursePay
[运行时间：0.281016s] [吞吐率：3.56req/s] [内存消耗：2,849.50kb] [文件加载：52]
[ info ] [ LANG ] E:\phpStudy\WWW\ywd100\thinkphp\lang\zh-cn.php
[ info ] [ ROUTE ] array (
  'type' => 'module',
  'module' => 
  array (
    0 => 'index',
    1 => 'course_pay',
    2 => 'coursePay',
  ),
)
[ info ] [ HEADER ] array (
  'cookie' => 'PHPSESSID=o81juqi6ie57dd5n6r070gkt12',
  'accept-language' => 'zh-CN,zh;q=0.9',
  'accept-encoding' => 'gzip, deflate',
  'accept' => 'text/html,application/xhtml+xml,application/xml;q=0.9,image/avif,image/webp,image/apng,*/*;q=0.8,application/signed-exchange;v=b3;q=0.9',
  'user-agent' => 'Mozilla/5.0 (Windows NT 6.1; Win64; x64) AppleWebKit/537.36 (KHTML, like Gecko) Chrome/87.0.4280.88 Safari/537.36',
  'upgrade-insecure-requests' => '1',
  'cache-control' => 'max-age=0',
  'connection' => 'keep-alive',
  'host' => 'ywd100.com',
  'content-length' => '',
  'content-type' => '',
)
[ info ] [ PARAM ] array (
)
[ info ] [ DB ] INIT mysql
[ info ] [ RUN ] app\index\controller\CoursePay->coursePay[ E:\phpStudy\WWW\ywd100\application\index\controller\CoursePay.php ]
[ info ] [ VIEW ] E:\phpStudy\WWW\ywd100\application/../Template/default/index\course\coursePay.html [ array (
  0 => 'url',
) ]
[ info ] [ LOG ] INIT File
[ sql ] [ DB ] CONNECT:[ UseTime:0.012001s ] mysql:host=127.0.0.1;port=3306;dbname=ydtkt_new;charset=utf8
[ sql ] [ SQL ] SHOW COLUMNS FROM `guard_visitors` [ RunTime:0.049003s ]
[ sql ] [ SQL ] INSERT INTO `guard_visitors` (`is_wx` , `froms` , `ip` , `add_time` , `system` , `browser` , `pageview` , `source_link`) VALUES (0 , '内网ip' , '127.0.0.1' , 1609382590 , 'Windows 7' , 'Chrome 87.0.4280.88' , '/index/course_pay/coursePay' , ' ') [ RunTime:0.033002s ]
---------------------------------------------------------------
[ 2020-12-31T10:43:10+08:00 ] 127.0.0.1 GET ywd100.com/index/Login/judgeLogin
[运行时间：0.039003s] [吞吐率：25.64req/s] [内存消耗：2,082.90kb] [文件加载：39]
[ info ] [ LANG ] E:\phpStudy\WWW\ywd100\thinkphp\lang\zh-cn.php
[ info ] [ ROUTE ] array (
  'type' => 'module',
  'module' => 
  array (
    0 => 'index',
    1 => 'Login',
    2 => 'judgeLogin',
  ),
)
[ info ] [ HEADER ] array (
  'cookie' => 'PHPSESSID=o81juqi6ie57dd5n6r070gkt12',
  'accept-language' => 'zh-CN,zh;q=0.9',
  'accept-encoding' => 'gzip, deflate',
  'referer' => 'http://ywd100.com/index/course_pay/coursePay',
  'x-requested-with' => 'XMLHttpRequest',
  'user-agent' => 'Mozilla/5.0 (Windows NT 6.1; Win64; x64) AppleWebKit/537.36 (KHTML, like Gecko) Chrome/87.0.4280.88 Safari/537.36',
  'accept' => 'application/json, text/javascript, */*; q=0.01',
  'connection' => 'keep-alive',
  'host' => 'ywd100.com',
  'content-length' => '',
  'content-type' => '',
)
[ info ] [ PARAM ] array (
)
[ info ] [ DB ] INIT mysql
[ info ] [ RUN ] app\index\controller\Login->judgeLogin[ E:\phpStudy\WWW\ywd100\application\index\controller\Login.php ]
[ info ] [ LOG ] INIT File
---------------------------------------------------------------
[ 2020-12-31T10:43:14+08:00 ] 127.0.0.1 POST ywd100.com/index/login/verificationCode
[运行时间：0.088005s] [吞吐率：11.36req/s] [内存消耗：2,185.03kb] [文件加载：41]
[ info ] [ LANG ] E:\phpStudy\WWW\ywd100\thinkphp\lang\zh-cn.php
[ info ] [ ROUTE ] array (
  'type' => 'module',
  'module' => 
  array (
    0 => 'index',
    1 => 'login',
    2 => 'verificationCode',
  ),
)
[ info ] [ HEADER ] array (
  'cookie' => 'PHPSESSID=o81juqi6ie57dd5n6r070gkt12',
  'accept-language' => 'zh-CN,zh;q=0.9',
  'accept-encoding' => 'gzip, deflate',
  'referer' => 'http://ywd100.com/index/course_pay/coursePay',
  'origin' => 'http://ywd100.com',
  'content-type' => 'application/x-www-form-urlencoded; charset=UTF-8',
  'user-agent' => 'Mozilla/5.0 (Windows NT 6.1; Win64; x64) AppleWebKit/537.36 (KHTML, like Gecko) Chrome/87.0.4280.88 Safari/537.36',
  'x-requested-with' => 'XMLHttpRequest',
  'accept' => '*/*',
  'content-length' => '12',
  'connection' => 'keep-alive',
  'host' => 'ywd100.com',
)
[ info ] [ PARAM ] array (
  'phone' => '',
  'code' => '',
)
[ info ] [ DB ] INIT mysql
[ info ] [ RUN ] app\index\controller\Login->verificationCode[ E:\phpStudy\WWW\ywd100\application\index\controller\Login.php ]
[ info ] [ LOG ] INIT File
[ sql ] [ DB ] CONNECT:[ UseTime:0.000000s ] mysql:host=127.0.0.1;port=3306;dbname=ydtkt_new;charset=utf8
[ sql ] [ SQL ] SHOW COLUMNS FROM `guard_check_code` [ RunTime:0.034002s ]
[ sql ] [ SQL ] SELECT * FROM `guard_check_code` WHERE  `phone` = ''  AND `expire_time` >= 1609382594 ORDER BY `id` DESC LIMIT 1 [ RunTime:0.001000s ]
---------------------------------------------------------------
[ 2020-12-31T10:43:19+08:00 ] 127.0.0.1 POST ywd100.com/index/login/verificationCode
[运行时间：0.051003s] [吞吐率：19.61req/s] [内存消耗：2,185.03kb] [文件加载：41]
[ info ] [ LANG ] E:\phpStudy\WWW\ywd100\thinkphp\lang\zh-cn.php
[ info ] [ ROUTE ] array (
  'type' => 'module',
  'module' => 
  array (
    0 => 'index',
    1 => 'login',
    2 => 'verificationCode',
  ),
)
[ info ] [ HEADER ] array (
  'cookie' => 'PHPSESSID=o81juqi6ie57dd5n6r070gkt12',
  'accept-language' => 'zh-CN,zh;q=0.9',
  'accept-encoding' => 'gzip, deflate',
  'referer' => 'http://ywd100.com/index/course_pay/coursePay',
  'origin' => 'http://ywd100.com',
  'content-type' => 'application/x-www-form-urlencoded; charset=UTF-8',
  'user-agent' => 'Mozilla/5.0 (Windows NT 6.1; Win64; x64) AppleWebKit/537.36 (KHTML, like Gecko) Chrome/87.0.4280.88 Safari/537.36',
  'x-requested-with' => 'XMLHttpRequest',
  'accept' => '*/*',
  'content-length' => '12',
  'connection' => 'keep-alive',
  'host' => 'ywd100.com',
)
[ info ] [ PARAM ] array (
  'phone' => '',
  'code' => '',
)
[ info ] [ DB ] INIT mysql
[ info ] [ RUN ] app\index\controller\Login->verificationCode[ E:\phpStudy\WWW\ywd100\application\index\controller\Login.php ]
[ info ] [ LOG ] INIT File
[ sql ] [ DB ] CONNECT:[ UseTime:0.011001s ] mysql:host=127.0.0.1;port=3306;dbname=ydtkt_new;charset=utf8
[ sql ] [ SQL ] SHOW COLUMNS FROM `guard_check_code` [ RunTime:0.010000s ]
[ sql ] [ SQL ] SELECT * FROM `guard_check_code` WHERE  `phone` = ''  AND `expire_time` >= 1609382599 ORDER BY `id` DESC LIMIT 1 [ RunTime:0.001000s ]
---------------------------------------------------------------
[ 2020-12-31T10:44:56+08:00 ] 127.0.0.1 GET ywd100.com/index/course_pay/coursePay
[运行时间：0.354020s] [吞吐率：2.82req/s] [内存消耗：2,849.50kb] [文件加载：52]
[ info ] [ LANG ] E:\phpStudy\WWW\ywd100\thinkphp\lang\zh-cn.php
[ info ] [ ROUTE ] array (
  'type' => 'module',
  'module' => 
  array (
    0 => 'index',
    1 => 'course_pay',
    2 => 'coursePay',
  ),
)
[ info ] [ HEADER ] array (
  'cookie' => 'PHPSESSID=o81juqi6ie57dd5n6r070gkt12',
  'accept-language' => 'zh-CN,zh;q=0.9',
  'accept-encoding' => 'gzip, deflate',
  'accept' => 'text/html,application/xhtml+xml,application/xml;q=0.9,image/avif,image/webp,image/apng,*/*;q=0.8,application/signed-exchange;v=b3;q=0.9',
  'user-agent' => 'Mozilla/5.0 (Windows NT 6.1; Win64; x64) AppleWebKit/537.36 (KHTML, like Gecko) Chrome/87.0.4280.88 Safari/537.36',
  'upgrade-insecure-requests' => '1',
  'cache-control' => 'max-age=0',
  'connection' => 'keep-alive',
  'host' => 'ywd100.com',
  'content-length' => '',
  'content-type' => '',
)
[ info ] [ PARAM ] array (
)
[ info ] [ DB ] INIT mysql
[ info ] [ RUN ] app\index\controller\CoursePay->coursePay[ E:\phpStudy\WWW\ywd100\application\index\controller\CoursePay.php ]
[ info ] [ VIEW ] E:\phpStudy\WWW\ywd100\application/../Template/default/index\course\coursePay.html [ array (
  0 => 'url',
) ]
[ info ] [ LOG ] INIT File
[ sql ] [ DB ] CONNECT:[ UseTime:0.001000s ] mysql:host=127.0.0.1;port=3306;dbname=ydtkt_new;charset=utf8
[ sql ] [ SQL ] SHOW COLUMNS FROM `guard_visitors` [ RunTime:0.010000s ]
[ sql ] [ SQL ] INSERT INTO `guard_visitors` (`is_wx` , `froms` , `ip` , `add_time` , `system` , `browser` , `pageview` , `source_link`) VALUES (0 , '内网ip' , '127.0.0.1' , 1609382696 , 'Windows 7' , 'Chrome 87.0.4280.88' , '/index/course_pay/coursePay' , ' ') [ RunTime:0.041003s ]
---------------------------------------------------------------
[ 2020-12-31T10:44:56+08:00 ] 127.0.0.1 POST ywd100.com/index/index/closeBrowserIpLog
[运行时间：0.079005s] [吞吐率：12.66req/s] [内存消耗：2,326.19kb] [文件加载：45]
[ info ] [ LANG ] E:\phpStudy\WWW\ywd100\thinkphp\lang\zh-cn.php
[ info ] [ ROUTE ] array (
  'type' => 'module',
  'module' => 
  array (
    0 => 'index',
    1 => 'index',
    2 => 'closeBrowserIpLog',
  ),
)
[ info ] [ HEADER ] array (
  'cookie' => 'PHPSESSID=o81juqi6ie57dd5n6r070gkt12',
  'accept-language' => 'zh-CN,zh;q=0.9',
  'accept-encoding' => 'gzip, deflate',
  'referer' => 'http://ywd100.com/index/course_pay/coursePay',
  'origin' => 'http://ywd100.com',
  'x-requested-with' => 'XMLHttpRequest',
  'user-agent' => 'Mozilla/5.0 (Windows NT 6.1; Win64; x64) AppleWebKit/537.36 (KHTML, like Gecko) Chrome/87.0.4280.88 Safari/537.36',
  'accept' => '*/*',
  'content-length' => '0',
  'connection' => 'keep-alive',
  'host' => 'ywd100.com',
  'content-type' => '',
)
[ info ] [ PARAM ] array (
)
[ info ] [ DB ] INIT mysql
[ info ] [ RUN ] app\index\controller\Index->closeBrowserIpLog[ E:\phpStudy\WWW\ywd100\application\index\controller\Index.php ]
[ info ] [ LOG ] INIT File
[ sql ] [ DB ] CONNECT:[ UseTime:0.006000s ] mysql:host=127.0.0.1;port=3306;dbname=ydtkt_new;charset=utf8
[ sql ] [ SQL ] SHOW COLUMNS FROM `guard_subject` [ RunTime:0.022002s ]
[ sql ] [ SQL ] SELECT `subject` FROM `guard_subject` WHERE  `id` IN (1,2,3,10) [ RunTime:0.003000s ]
[ error ] [8]未定义数组索引: uid[E:\phpStudy\WWW\ywd100\application\index\controller\Index.php:777]
---------------------------------------------------------------
[ 2020-12-31T10:44:56+08:00 ] 127.0.0.1 GET ywd100.com/index/Login/judgeLogin
[运行时间：0.035002s] [吞吐率：28.57req/s] [内存消耗：2,082.90kb] [文件加载：39]
[ info ] [ LANG ] E:\phpStudy\WWW\ywd100\thinkphp\lang\zh-cn.php
[ info ] [ ROUTE ] array (
  'type' => 'module',
  'module' => 
  array (
    0 => 'index',
    1 => 'Login',
    2 => 'judgeLogin',
  ),
)
[ info ] [ HEADER ] array (
  'cookie' => 'PHPSESSID=o81juqi6ie57dd5n6r070gkt12',
  'accept-language' => 'zh-CN,zh;q=0.9',
  'accept-encoding' => 'gzip, deflate',
  'referer' => 'http://ywd100.com/index/course_pay/coursePay',
  'x-requested-with' => 'XMLHttpRequest',
  'user-agent' => 'Mozilla/5.0 (Windows NT 6.1; Win64; x64) AppleWebKit/537.36 (KHTML, like Gecko) Chrome/87.0.4280.88 Safari/537.36',
  'accept' => 'application/json, text/javascript, */*; q=0.01',
  'connection' => 'keep-alive',
  'host' => 'ywd100.com',
  'content-length' => '',
  'content-type' => '',
)
[ info ] [ PARAM ] array (
)
[ info ] [ DB ] INIT mysql
[ info ] [ RUN ] app\index\controller\Login->judgeLogin[ E:\phpStudy\WWW\ywd100\application\index\controller\Login.php ]
[ info ] [ LOG ] INIT File
---------------------------------------------------------------
[ 2020-12-31T10:44:59+08:00 ] 127.0.0.1 POST ywd100.com/index/login/verificationCode
[运行时间：0.054003s] [吞吐率：18.52req/s] [内存消耗：2,185.03kb] [文件加载：41]
[ info ] [ LANG ] E:\phpStudy\WWW\ywd100\thinkphp\lang\zh-cn.php
[ info ] [ ROUTE ] array (
  'type' => 'module',
  'module' => 
  array (
    0 => 'index',
    1 => 'login',
    2 => 'verificationCode',
  ),
)
[ info ] [ HEADER ] array (
  'cookie' => 'PHPSESSID=o81juqi6ie57dd5n6r070gkt12',
  'accept-language' => 'zh-CN,zh;q=0.9',
  'accept-encoding' => 'gzip, deflate',
  'referer' => 'http://ywd100.com/index/course_pay/coursePay',
  'origin' => 'http://ywd100.com',
  'content-type' => 'application/x-www-form-urlencoded; charset=UTF-8',
  'user-agent' => 'Mozilla/5.0 (Windows NT 6.1; Win64; x64) AppleWebKit/537.36 (KHTML, like Gecko) Chrome/87.0.4280.88 Safari/537.36',
  'x-requested-with' => 'XMLHttpRequest',
  'accept' => '*/*',
  'content-length' => '12',
  'connection' => 'keep-alive',
  'host' => 'ywd100.com',
)
[ info ] [ PARAM ] array (
  'phone' => '',
  'code' => '',
)
[ info ] [ DB ] INIT mysql
[ info ] [ RUN ] app\index\controller\Login->verificationCode[ E:\phpStudy\WWW\ywd100\application\index\controller\Login.php ]
[ info ] [ LOG ] INIT File
[ sql ] [ DB ] CONNECT:[ UseTime:0.001000s ] mysql:host=127.0.0.1;port=3306;dbname=ydtkt_new;charset=utf8
[ sql ] [ SQL ] SHOW COLUMNS FROM `guard_check_code` [ RunTime:0.009000s ]
[ sql ] [ SQL ] SELECT * FROM `guard_check_code` WHERE  `phone` = ''  AND `expire_time` >= 1609382699 ORDER BY `id` DESC LIMIT 1 [ RunTime:0.001000s ]
---------------------------------------------------------------
[ 2020-12-31T10:44:59+08:00 ] 127.0.0.1 POST ywd100.com/index/course_pay/courseWxCodePay
[运行时间：0.186011s] [吞吐率：5.38req/s] [内存消耗：2,682.09kb] [文件加载：55]
[ info ] [ LANG ] E:\phpStudy\WWW\ywd100\thinkphp\lang\zh-cn.php
[ info ] [ ROUTE ] array (
  'type' => 'module',
  'module' => 
  array (
    0 => 'index',
    1 => 'course_pay',
    2 => 'courseWxCodePay',
  ),
)
[ info ] [ HEADER ] array (
  'cookie' => 'PHPSESSID=o81juqi6ie57dd5n6r070gkt12',
  'accept-language' => 'zh-CN,zh;q=0.9',
  'accept-encoding' => 'gzip, deflate',
  'referer' => 'http://ywd100.com/index/course_pay/coursePay',
  'origin' => 'http://ywd100.com',
  'content-type' => 'application/x-www-form-urlencoded; charset=UTF-8',
  'user-agent' => 'Mozilla/5.0 (Windows NT 6.1; Win64; x64) AppleWebKit/537.36 (KHTML, like Gecko) Chrome/87.0.4280.88 Safari/537.36',
  'x-requested-with' => 'XMLHttpRequest',
  'accept' => '*/*',
  'content-length' => '32',
  'connection' => 'keep-alive',
  'host' => 'ywd100.com',
)
[ info ] [ PARAM ] array (
  'phone' => '',
  'register_from' => '1',
  'money' => '9.9',
)
[ info ] [ DB ] INIT mysql
[ info ] [ RUN ] app\index\controller\CoursePay->courseWxCodePay[ E:\phpStudy\WWW\ywd100\application\index\controller\CoursePay.php ]
[ info ] [ LOG ] INIT File
[ sql ] [ DB ] CONNECT:[ UseTime:0.001000s ] mysql:host=127.0.0.1;port=3306;dbname=ydtkt_new;charset=utf8
[ sql ] [ SQL ] SHOW COLUMNS FROM `guard_person` [ RunTime:0.055003s ]
[ sql ] [ SQL ] SELECT * FROM `guard_person` WHERE  `phone` = '' LIMIT 1 [ RunTime:0.002000s ]
[ sql ] [ SQL ] INSERT INTO `guard_person` (`phone` , `addtime` , `register_from` , `password`) VALUES ('' , 1609382699 , 1 , '') [ RunTime:0.050003s ]
[ error ] [10501]SQLSTATE[42S02]: Base table or view not found: 1146 Table 'ydtkt_new.guard_order_person_son' doesn't exist[E:\phpStudy\WWW\ywd100\thinkphp\library\think\db\Connection.php:385]
---------------------------------------------------------------
[ 2020-12-31T10:47:28+08:00 ] 127.0.0.1 GET ywd100.com/index/course_pay/coursePay
[运行时间：0.248014s] [吞吐率：4.03req/s] [内存消耗：2,687.13kb] [文件加载：50]
[ info ] [ LANG ] E:\phpStudy\WWW\ywd100\thinkphp\lang\zh-cn.php
[ info ] [ ROUTE ] array (
  'type' => 'module',
  'module' => 
  array (
    0 => 'index',
    1 => 'course_pay',
    2 => 'coursePay',
  ),
)
[ info ] [ HEADER ] array (
  'cookie' => 'PHPSESSID=o81juqi6ie57dd5n6r070gkt12',
  'accept-language' => 'zh-CN,zh;q=0.9',
  'accept-encoding' => 'gzip, deflate',
  'accept' => 'text/html,application/xhtml+xml,application/xml;q=0.9,image/avif,image/webp,image/apng,*/*;q=0.8,application/signed-exchange;v=b3;q=0.9',
  'user-agent' => 'Mozilla/5.0 (Windows NT 6.1; Win64; x64) AppleWebKit/537.36 (KHTML, like Gecko) Chrome/87.0.4280.88 Safari/537.36',
  'upgrade-insecure-requests' => '1',
  'cache-control' => 'max-age=0',
  'connection' => 'keep-alive',
  'host' => 'ywd100.com',
  'content-length' => '',
  'content-type' => '',
)
[ info ] [ PARAM ] array (
)
[ info ] [ DB ] INIT mysql
[ info ] [ RUN ] app\index\controller\CoursePay->coursePay[ E:\phpStudy\WWW\ywd100\application\index\controller\CoursePay.php ]
[ info ] [ VIEW ] E:\phpStudy\WWW\ywd100\application/../Template/default/index\course\coursePay.html [ array (
  0 => 'url',
) ]
[ info ] [ LOG ] INIT File
[ sql ] [ DB ] CONNECT:[ UseTime:0.001000s ] mysql:host=127.0.0.1;port=3306;dbname=ydtkt_new;charset=utf8
[ sql ] [ SQL ] SHOW COLUMNS FROM `guard_visitors` [ RunTime:0.011001s ]
[ sql ] [ SQL ] INSERT INTO `guard_visitors` (`is_wx` , `froms` , `ip` , `add_time` , `system` , `browser` , `pageview` , `source_link`) VALUES (0 , '内网ip' , '127.0.0.1' , 1609382847 , 'Windows 7' , 'Chrome 87.0.4280.88' , '/index/course_pay/coursePay' , ' ') [ RunTime:0.031002s ]
---------------------------------------------------------------
[ 2020-12-31T10:47:28+08:00 ] 127.0.0.1 POST ywd100.com/index/index/closeBrowserIpLog
[运行时间：0.075005s] [吞吐率：13.33req/s] [内存消耗：2,326.19kb] [文件加载：45]
[ info ] [ LANG ] E:\phpStudy\WWW\ywd100\thinkphp\lang\zh-cn.php
[ info ] [ ROUTE ] array (
  'type' => 'module',
  'module' => 
  array (
    0 => 'index',
    1 => 'index',
    2 => 'closeBrowserIpLog',
  ),
)
[ info ] [ HEADER ] array (
  'cookie' => 'PHPSESSID=o81juqi6ie57dd5n6r070gkt12',
  'accept-language' => 'zh-CN,zh;q=0.9',
  'accept-encoding' => 'gzip, deflate',
  'referer' => 'http://ywd100.com/index/course_pay/coursePay',
  'origin' => 'http://ywd100.com',
  'x-requested-with' => 'XMLHttpRequest',
  'user-agent' => 'Mozilla/5.0 (Windows NT 6.1; Win64; x64) AppleWebKit/537.36 (KHTML, like Gecko) Chrome/87.0.4280.88 Safari/537.36',
  'accept' => '*/*',
  'content-length' => '0',
  'connection' => 'keep-alive',
  'host' => 'ywd100.com',
  'content-type' => '',
)
[ info ] [ PARAM ] array (
)
[ info ] [ DB ] INIT mysql
[ info ] [ RUN ] app\index\controller\Index->closeBrowserIpLog[ E:\phpStudy\WWW\ywd100\application\index\controller\Index.php ]
[ info ] [ LOG ] INIT File
[ sql ] [ DB ] CONNECT:[ UseTime:0.007000s ] mysql:host=127.0.0.1;port=3306;dbname=ydtkt_new;charset=utf8
[ sql ] [ SQL ] SHOW COLUMNS FROM `guard_subject` [ RunTime:0.015001s ]
[ sql ] [ SQL ] SELECT `subject` FROM `guard_subject` WHERE  `id` IN (1,2,3,10) [ RunTime:0.001000s ]
[ error ] [8]未定义数组索引: uid[E:\phpStudy\WWW\ywd100\application\index\controller\Index.php:777]
---------------------------------------------------------------
[ 2020-12-31T10:47:28+08:00 ] 127.0.0.1 GET ywd100.com/index/Login/judgeLogin
[运行时间：0.035002s] [吞吐率：28.57req/s] [内存消耗：2,082.90kb] [文件加载：39]
[ info ] [ LANG ] E:\phpStudy\WWW\ywd100\thinkphp\lang\zh-cn.php
[ info ] [ ROUTE ] array (
  'type' => 'module',
  'module' => 
  array (
    0 => 'index',
    1 => 'Login',
    2 => 'judgeLogin',
  ),
)
[ info ] [ HEADER ] array (
  'cookie' => 'PHPSESSID=o81juqi6ie57dd5n6r070gkt12',
  'accept-language' => 'zh-CN,zh;q=0.9',
  'accept-encoding' => 'gzip, deflate',
  'referer' => 'http://ywd100.com/index/course_pay/coursePay',
  'x-requested-with' => 'XMLHttpRequest',
  'user-agent' => 'Mozilla/5.0 (Windows NT 6.1; Win64; x64) AppleWebKit/537.36 (KHTML, like Gecko) Chrome/87.0.4280.88 Safari/537.36',
  'accept' => 'application/json, text/javascript, */*; q=0.01',
  'connection' => 'keep-alive',
  'host' => 'ywd100.com',
  'content-length' => '',
  'content-type' => '',
)
[ info ] [ PARAM ] array (
)
[ info ] [ DB ] INIT mysql
[ info ] [ RUN ] app\index\controller\Login->judgeLogin[ E:\phpStudy\WWW\ywd100\application\index\controller\Login.php ]
[ info ] [ LOG ] INIT File
---------------------------------------------------------------
[ 2020-12-31T10:47:30+08:00 ] 127.0.0.1 POST ywd100.com/index/login/verificationCode
[运行时间：0.056003s] [吞吐率：17.86req/s] [内存消耗：2,185.03kb] [文件加载：41]
[ info ] [ LANG ] E:\phpStudy\WWW\ywd100\thinkphp\lang\zh-cn.php
[ info ] [ ROUTE ] array (
  'type' => 'module',
  'module' => 
  array (
    0 => 'index',
    1 => 'login',
    2 => 'verificationCode',
  ),
)
[ info ] [ HEADER ] array (
  'cookie' => 'PHPSESSID=o81juqi6ie57dd5n6r070gkt12',
  'accept-language' => 'zh-CN,zh;q=0.9',
  'accept-encoding' => 'gzip, deflate',
  'referer' => 'http://ywd100.com/index/course_pay/coursePay',
  'origin' => 'http://ywd100.com',
  'content-type' => 'application/x-www-form-urlencoded; charset=UTF-8',
  'user-agent' => 'Mozilla/5.0 (Windows NT 6.1; Win64; x64) AppleWebKit/537.36 (KHTML, like Gecko) Chrome/87.0.4280.88 Safari/537.36',
  'x-requested-with' => 'XMLHttpRequest',
  'accept' => '*/*',
  'content-length' => '12',
  'connection' => 'keep-alive',
  'host' => 'ywd100.com',
)
[ info ] [ PARAM ] array (
  'phone' => '',
  'code' => '',
)
[ info ] [ DB ] INIT mysql
[ info ] [ RUN ] app\index\controller\Login->verificationCode[ E:\phpStudy\WWW\ywd100\application\index\controller\Login.php ]
[ info ] [ LOG ] INIT File
[ sql ] [ DB ] CONNECT:[ UseTime:0.001000s ] mysql:host=127.0.0.1;port=3306;dbname=ydtkt_new;charset=utf8
[ sql ] [ SQL ] SHOW COLUMNS FROM `guard_check_code` [ RunTime:0.008000s ]
[ sql ] [ SQL ] SELECT * FROM `guard_check_code` WHERE  `phone` = ''  AND `expire_time` >= 1609382850 ORDER BY `id` DESC LIMIT 1 [ RunTime:0.001000s ]
---------------------------------------------------------------
[ 2020-12-31T10:47:30+08:00 ] 127.0.0.1 POST ywd100.com/index/course_pay/courseWxCodePay
[运行时间：0.064003s] [吞吐率：15.62req/s] [内存消耗：2,680.25kb] [文件加载：55]
[ info ] [ LANG ] E:\phpStudy\WWW\ywd100\thinkphp\lang\zh-cn.php
[ info ] [ ROUTE ] array (
  'type' => 'module',
  'module' => 
  array (
    0 => 'index',
    1 => 'course_pay',
    2 => 'courseWxCodePay',
  ),
)
[ info ] [ HEADER ] array (
  'cookie' => 'PHPSESSID=o81juqi6ie57dd5n6r070gkt12',
  'accept-language' => 'zh-CN,zh;q=0.9',
  'accept-encoding' => 'gzip, deflate',
  'referer' => 'http://ywd100.com/index/course_pay/coursePay',
  'origin' => 'http://ywd100.com',
  'content-type' => 'application/x-www-form-urlencoded; charset=UTF-8',
  'user-agent' => 'Mozilla/5.0 (Windows NT 6.1; Win64; x64) AppleWebKit/537.36 (KHTML, like Gecko) Chrome/87.0.4280.88 Safari/537.36',
  'x-requested-with' => 'XMLHttpRequest',
  'accept' => '*/*',
  'content-length' => '32',
  'connection' => 'keep-alive',
  'host' => 'ywd100.com',
)
[ info ] [ PARAM ] array (
  'phone' => '',
  'register_from' => '1',
  'money' => '9.9',
)
[ info ] [ DB ] INIT mysql
[ info ] [ RUN ] app\index\controller\CoursePay->courseWxCodePay[ E:\phpStudy\WWW\ywd100\application\index\controller\CoursePay.php ]
[ info ] [ LOG ] INIT File
[ sql ] [ DB ] CONNECT:[ UseTime:0.010001s ] mysql:host=127.0.0.1;port=3306;dbname=ydtkt_new;charset=utf8
[ sql ] [ SQL ] SHOW COLUMNS FROM `guard_person` [ RunTime:0.009001s ]
[ sql ] [ SQL ] SELECT * FROM `guard_person` WHERE  `phone` = '' LIMIT 1 [ RunTime:0.001000s ]
[ error ] [10501]SQLSTATE[42S02]: Base table or view not found: 1146 Table 'ydtkt_new.guard_order_person_son' doesn't exist[E:\phpStudy\WWW\ywd100\thinkphp\library\think\db\Connection.php:385]
---------------------------------------------------------------
[ 2020-12-31T10:47:39+08:00 ] 127.0.0.1 POST ywd100.com/index/login/verificationCode
[运行时间：0.063004s] [吞吐率：15.87req/s] [内存消耗：2,185.03kb] [文件加载：41]
[ info ] [ LANG ] E:\phpStudy\WWW\ywd100\thinkphp\lang\zh-cn.php
[ info ] [ ROUTE ] array (
  'type' => 'module',
  'module' => 
  array (
    0 => 'index',
    1 => 'login',
    2 => 'verificationCode',
  ),
)
[ info ] [ HEADER ] array (
  'cookie' => 'PHPSESSID=o81juqi6ie57dd5n6r070gkt12',
  'accept-language' => 'zh-CN,zh;q=0.9',
  'accept-encoding' => 'gzip, deflate',
  'referer' => 'http://ywd100.com/index/course_pay/coursePay',
  'origin' => 'http://ywd100.com',
  'content-type' => 'application/x-www-form-urlencoded; charset=UTF-8',
  'user-agent' => 'Mozilla/5.0 (Windows NT 6.1; Win64; x64) AppleWebKit/537.36 (KHTML, like Gecko) Chrome/87.0.4280.88 Safari/537.36',
  'x-requested-with' => 'XMLHttpRequest',
  'accept' => '*/*',
  'content-length' => '12',
  'connection' => 'keep-alive',
  'host' => 'ywd100.com',
)
[ info ] [ PARAM ] array (
  'phone' => '',
  'code' => '',
)
[ info ] [ DB ] INIT mysql
[ info ] [ RUN ] app\index\controller\Login->verificationCode[ E:\phpStudy\WWW\ywd100\application\index\controller\Login.php ]
[ info ] [ LOG ] INIT File
[ sql ] [ DB ] CONNECT:[ UseTime:0.010000s ] mysql:host=127.0.0.1;port=3306;dbname=ydtkt_new;charset=utf8
[ sql ] [ SQL ] SHOW COLUMNS FROM `guard_check_code` [ RunTime:0.009001s ]
[ sql ] [ SQL ] SELECT * FROM `guard_check_code` WHERE  `phone` = ''  AND `expire_time` >= 1609382859 ORDER BY `id` DESC LIMIT 1 [ RunTime:0.001000s ]
---------------------------------------------------------------
[ 2020-12-31T10:47:40+08:00 ] 127.0.0.1 POST ywd100.com/index/course_pay/courseWxCodePay
[运行时间：0.060004s] [吞吐率：16.67req/s] [内存消耗：2,680.25kb] [文件加载：55]
[ info ] [ LANG ] E:\phpStudy\WWW\ywd100\thinkphp\lang\zh-cn.php
[ info ] [ ROUTE ] array (
  'type' => 'module',
  'module' => 
  array (
    0 => 'index',
    1 => 'course_pay',
    2 => 'courseWxCodePay',
  ),
)
[ info ] [ HEADER ] array (
  'cookie' => 'PHPSESSID=o81juqi6ie57dd5n6r070gkt12',
  'accept-language' => 'zh-CN,zh;q=0.9',
  'accept-encoding' => 'gzip, deflate',
  'referer' => 'http://ywd100.com/index/course_pay/coursePay',
  'origin' => 'http://ywd100.com',
  'content-type' => 'application/x-www-form-urlencoded; charset=UTF-8',
  'user-agent' => 'Mozilla/5.0 (Windows NT 6.1; Win64; x64) AppleWebKit/537.36 (KHTML, like Gecko) Chrome/87.0.4280.88 Safari/537.36',
  'x-requested-with' => 'XMLHttpRequest',
  'accept' => '*/*',
  'content-length' => '32',
  'connection' => 'keep-alive',
  'host' => 'ywd100.com',
)
[ info ] [ PARAM ] array (
  'phone' => '',
  'register_from' => '1',
  'money' => '9.9',
)
[ info ] [ DB ] INIT mysql
[ info ] [ RUN ] app\index\controller\CoursePay->courseWxCodePay[ E:\phpStudy\WWW\ywd100\application\index\controller\CoursePay.php ]
[ info ] [ LOG ] INIT File
[ sql ] [ DB ] CONNECT:[ UseTime:0.000000s ] mysql:host=127.0.0.1;port=3306;dbname=ydtkt_new;charset=utf8
[ sql ] [ SQL ] SHOW COLUMNS FROM `guard_person` [ RunTime:0.009001s ]
[ sql ] [ SQL ] SELECT * FROM `guard_person` WHERE  `phone` = '' LIMIT 1 [ RunTime:0.001000s ]
[ error ] [10501]SQLSTATE[42S02]: Base table or view not found: 1146 Table 'ydtkt_new.guard_order_person_son' doesn't exist[E:\phpStudy\WWW\ywd100\thinkphp\library\think\db\Connection.php:385]
---------------------------------------------------------------
[ 2020-12-31T10:48:36+08:00 ] 127.0.0.1 POST ywd100.com/index/login/verificationCode
[运行时间：0.056003s] [吞吐率：17.86req/s] [内存消耗：2,185.03kb] [文件加载：41]
[ info ] [ LANG ] E:\phpStudy\WWW\ywd100\thinkphp\lang\zh-cn.php
[ info ] [ ROUTE ] array (
  'type' => 'module',
  'module' => 
  array (
    0 => 'index',
    1 => 'login',
    2 => 'verificationCode',
  ),
)
[ info ] [ HEADER ] array (
  'cookie' => 'PHPSESSID=o81juqi6ie57dd5n6r070gkt12',
  'accept-language' => 'zh-CN,zh;q=0.9',
  'accept-encoding' => 'gzip, deflate',
  'referer' => 'http://ywd100.com/index/course_pay/coursePay',
  'origin' => 'http://ywd100.com',
  'content-type' => 'application/x-www-form-urlencoded; charset=UTF-8',
  'user-agent' => 'Mozilla/5.0 (Windows NT 6.1; Win64; x64) AppleWebKit/537.36 (KHTML, like Gecko) Chrome/87.0.4280.88 Safari/537.36',
  'x-requested-with' => 'XMLHttpRequest',
  'accept' => '*/*',
  'content-length' => '12',
  'connection' => 'keep-alive',
  'host' => 'ywd100.com',
)
[ info ] [ PARAM ] array (
  'phone' => '',
  'code' => '',
)
[ info ] [ DB ] INIT mysql
[ info ] [ RUN ] app\index\controller\Login->verificationCode[ E:\phpStudy\WWW\ywd100\application\index\controller\Login.php ]
[ info ] [ LOG ] INIT File
[ sql ] [ DB ] CONNECT:[ UseTime:0.000000s ] mysql:host=127.0.0.1;port=3306;dbname=ydtkt_new;charset=utf8
[ sql ] [ SQL ] SHOW COLUMNS FROM `guard_check_code` [ RunTime:0.009001s ]
[ sql ] [ SQL ] SELECT * FROM `guard_check_code` WHERE  `phone` = ''  AND `expire_time` >= 1609382916 ORDER BY `id` DESC LIMIT 1 [ RunTime:0.001000s ]
---------------------------------------------------------------
[ 2020-12-31T10:48:36+08:00 ] 127.0.0.1 POST ywd100.com/index/course_pay/courseWxCodePay
[运行时间：0.860050s] [吞吐率：1.16req/s] [内存消耗：2,605.63kb] [文件加载：48]
[ info ] [ LANG ] E:\phpStudy\WWW\ywd100\thinkphp\lang\zh-cn.php
[ info ] [ ROUTE ] array (
  'type' => 'module',
  'module' => 
  array (
    0 => 'index',
    1 => 'course_pay',
    2 => 'courseWxCodePay',
  ),
)
[ info ] [ HEADER ] array (
  'cookie' => 'PHPSESSID=o81juqi6ie57dd5n6r070gkt12',
  'accept-language' => 'zh-CN,zh;q=0.9',
  'accept-encoding' => 'gzip, deflate',
  'referer' => 'http://ywd100.com/index/course_pay/coursePay',
  'origin' => 'http://ywd100.com',
  'content-type' => 'application/x-www-form-urlencoded; charset=UTF-8',
  'user-agent' => 'Mozilla/5.0 (Windows NT 6.1; Win64; x64) AppleWebKit/537.36 (KHTML, like Gecko) Chrome/87.0.4280.88 Safari/537.36',
  'x-requested-with' => 'XMLHttpRequest',
  'accept' => '*/*',
  'content-length' => '32',
  'connection' => 'keep-alive',
  'host' => 'ywd100.com',
)
[ info ] [ PARAM ] array (
  'phone' => '',
  'register_from' => '1',
  'money' => '9.9',
)
[ info ] [ DB ] INIT mysql
[ info ] [ RUN ] app\index\controller\CoursePay->courseWxCodePay[ E:\phpStudy\WWW\ywd100\application\index\controller\CoursePay.php ]
[ info ] [ LOG ] INIT File
[ sql ] [ DB ] CONNECT:[ UseTime:0.000000s ] mysql:host=127.0.0.1;port=3306;dbname=ydtkt_new;charset=utf8
[ sql ] [ SQL ] SHOW COLUMNS FROM `guard_person` [ RunTime:0.009001s ]
[ sql ] [ SQL ] SELECT * FROM `guard_person` WHERE  `phone` = '' LIMIT 1 [ RunTime:0.001000s ]
[ sql ] [ SQL ] SHOW COLUMNS FROM `guard_order_person_son` [ RunTime:0.009001s ]
[ sql ] [ SQL ] SELECT * FROM `guard_order_person_son` WHERE  `person_id` = 341  AND `is_audition` = 1 ORDER BY `endtime` DESC LIMIT 1 [ RunTime:0.000000s ]
[ sql ] [ SQL ] SHOW COLUMNS FROM `guard_order_person` [ RunTime:0.009000s ]
[ sql ] [ SQL ] INSERT INTO `guard_order_person` (`order` , `money` , `person_id` , `strtime` , `payment` , `payMoney` , `discount_price`) VALUES ('1609382916505112' , 0.01 , 341 , '2020-12-31 10:48:36' , 4 , 0.01 , 0) [ RunTime:0.048003s ]
[ sql ] [ SQL ] INSERT INTO `guard_order_person_son` (`order_son_id` , `person_id` , `order_id` , `money` , `strtime` , `payment` , `payMoney` , `num` , `type` , `is_audition` , `video_class_id`) VALUES ('1609382916336363' , 341 , '1609382916505112' , 0.01 , '2020-12-31 10:48:36' , 4 , 0.01 , 1 , 1 , 1 , '0') [ RunTime:0.025001s ]
---------------------------------------------------------------
[ 2020-12-31T10:48:36+08:00 ] 127.0.0.1 GET ywd100.com/WxPay/example/qrcode.php?data=weixin://wxpay/bizpayurl?pr=cQlAsLFzz
[运行时间：0.024002s] [吞吐率：41.66req/s] [内存消耗：1,171.69kb] [文件加载：28]
[ info ] [ LANG ] E:\phpStudy\WWW\ywd100\thinkphp\lang\zh-cn.php
[ info ] [ ROUTE ] array (
  'type' => 'module',
  'module' => 
  array (
    0 => 'WxPay',
    1 => 'example',
    2 => 'qrcode.php',
  ),
)
[ info ] [ HEADER ] array (
  'cookie' => 'PHPSESSID=o81juqi6ie57dd5n6r070gkt12',
  'accept-language' => 'zh-CN,zh;q=0.9',
  'accept-encoding' => 'gzip, deflate',
  'referer' => 'http://ywd100.com/index/course_pay/coursePay',
  'accept' => 'image/avif,image/webp,image/apng,image/*,*/*;q=0.8',
  'user-agent' => 'Mozilla/5.0 (Windows NT 6.1; Win64; x64) AppleWebKit/537.36 (KHTML, like Gecko) Chrome/87.0.4280.88 Safari/537.36',
  'connection' => 'keep-alive',
  'host' => 'ywd100.com',
  'content-length' => '',
  'content-type' => '',
)
[ info ] [ PARAM ] array (
  'data' => 'weixin://wxpay/bizpayurl?pr=cQlAsLFzz',
)
[ info ] [ LOG ] INIT File
---------------------------------------------------------------
[ 2020-12-31T10:54:02+08:00 ] 127.0.0.1 GET ywd100.com/index/course_pay/coursePay
[运行时间：0.338019s] [吞吐率：2.96req/s] [内存消耗：2,687.18kb] [文件加载：50]
[ info ] [ LANG ] E:\phpStudy\WWW\ywd100\thinkphp\lang\zh-cn.php
[ info ] [ ROUTE ] array (
  'type' => 'module',
  'module' => 
  array (
    0 => 'index',
    1 => 'course_pay',
    2 => 'coursePay',
  ),
)
[ info ] [ HEADER ] array (
  'cookie' => 'PHPSESSID=o81juqi6ie57dd5n6r070gkt12',
  'accept-language' => 'zh-CN,zh;q=0.9',
  'accept-encoding' => 'gzip, deflate',
  'accept' => 'text/html,application/xhtml+xml,application/xml;q=0.9,image/avif,image/webp,image/apng,*/*;q=0.8,application/signed-exchange;v=b3;q=0.9',
  'user-agent' => 'Mozilla/5.0 (Windows NT 6.1; Win64; x64) AppleWebKit/537.36 (KHTML, like Gecko) Chrome/87.0.4280.88 Safari/537.36',
  'upgrade-insecure-requests' => '1',
  'cache-control' => 'max-age=0',
  'connection' => 'keep-alive',
  'host' => 'ywd100.com',
  'content-length' => '',
  'content-type' => '',
)
[ info ] [ PARAM ] array (
)
[ info ] [ DB ] INIT mysql
[ info ] [ RUN ] app\index\controller\CoursePay->coursePay[ E:\phpStudy\WWW\ywd100\application\index\controller\CoursePay.php ]
[ info ] [ VIEW ] E:\phpStudy\WWW\ywd100\application/../Template/default/index\course\coursePay.html [ array (
  0 => 'url',
) ]
[ info ] [ LOG ] INIT File
[ sql ] [ DB ] CONNECT:[ UseTime:0.002000s ] mysql:host=127.0.0.1;port=3306;dbname=ydtkt_new;charset=utf8
[ sql ] [ SQL ] SHOW COLUMNS FROM `guard_visitors` [ RunTime:0.020001s ]
[ sql ] [ SQL ] INSERT INTO `guard_visitors` (`is_wx` , `froms` , `ip` , `add_time` , `system` , `browser` , `pageview` , `source_link`) VALUES (0 , '内网ip' , '127.0.0.1' , 1609383242 , 'Windows 7' , 'Chrome 87.0.4280.88' , '/index/course_pay/coursePay' , ' ') [ RunTime:0.033002s ]
---------------------------------------------------------------
[ 2020-12-31T10:54:02+08:00 ] 127.0.0.1 POST ywd100.com/index/index/closeBrowserIpLog
[运行时间：0.111006s] [吞吐率：9.01req/s] [内存消耗：2,326.19kb] [文件加载：45]
[ info ] [ LANG ] E:\phpStudy\WWW\ywd100\thinkphp\lang\zh-cn.php
[ info ] [ ROUTE ] array (
  'type' => 'module',
  'module' => 
  array (
    0 => 'index',
    1 => 'index',
    2 => 'closeBrowserIpLog',
  ),
)
[ info ] [ HEADER ] array (
  'cookie' => 'PHPSESSID=o81juqi6ie57dd5n6r070gkt12',
  'accept-language' => 'zh-CN,zh;q=0.9',
  'accept-encoding' => 'gzip, deflate',
  'referer' => 'http://ywd100.com/index/course_pay/coursePay',
  'origin' => 'http://ywd100.com',
  'x-requested-with' => 'XMLHttpRequest',
  'user-agent' => 'Mozilla/5.0 (Windows NT 6.1; Win64; x64) AppleWebKit/537.36 (KHTML, like Gecko) Chrome/87.0.4280.88 Safari/537.36',
  'accept' => '*/*',
  'content-length' => '0',
  'connection' => 'keep-alive',
  'host' => 'ywd100.com',
  'content-type' => '',
)
[ info ] [ PARAM ] array (
)
[ info ] [ DB ] INIT mysql
[ info ] [ RUN ] app\index\controller\Index->closeBrowserIpLog[ E:\phpStudy\WWW\ywd100\application\index\controller\Index.php ]
[ info ] [ LOG ] INIT File
[ sql ] [ DB ] CONNECT:[ UseTime:0.001000s ] mysql:host=127.0.0.1;port=3306;dbname=ydtkt_new;charset=utf8
[ sql ] [ SQL ] SHOW COLUMNS FROM `guard_subject` [ RunTime:0.024002s ]
[ sql ] [ SQL ] SELECT `subject` FROM `guard_subject` WHERE  `id` IN (1,2,3,10) [ RunTime:0.001000s ]
[ error ] [8]未定义数组索引: uid[E:\phpStudy\WWW\ywd100\application\index\controller\Index.php:777]
---------------------------------------------------------------
[ 2020-12-31T10:54:03+08:00 ] 127.0.0.1 GET ywd100.com/index/Login/judgeLogin
[运行时间：0.052003s] [吞吐率：19.23req/s] [内存消耗：2,082.90kb] [文件加载：39]
[ info ] [ LANG ] E:\phpStudy\WWW\ywd100\thinkphp\lang\zh-cn.php
[ info ] [ ROUTE ] array (
  'type' => 'module',
  'module' => 
  array (
    0 => 'index',
    1 => 'Login',
    2 => 'judgeLogin',
  ),
)
[ info ] [ HEADER ] array (
  'cookie' => 'PHPSESSID=o81juqi6ie57dd5n6r070gkt12',
  'accept-language' => 'zh-CN,zh;q=0.9',
  'accept-encoding' => 'gzip, deflate',
  'referer' => 'http://ywd100.com/index/course_pay/coursePay',
  'x-requested-with' => 'XMLHttpRequest',
  'user-agent' => 'Mozilla/5.0 (Windows NT 6.1; Win64; x64) AppleWebKit/537.36 (KHTML, like Gecko) Chrome/87.0.4280.88 Safari/537.36',
  'accept' => 'application/json, text/javascript, */*; q=0.01',
  'connection' => 'keep-alive',
  'host' => 'ywd100.com',
  'content-length' => '',
  'content-type' => '',
)
[ info ] [ PARAM ] array (
)
[ info ] [ DB ] INIT mysql
[ info ] [ RUN ] app\index\controller\Login->judgeLogin[ E:\phpStudy\WWW\ywd100\application\index\controller\Login.php ]
[ info ] [ LOG ] INIT File
---------------------------------------------------------------
[ 2020-12-31T10:54:05+08:00 ] 127.0.0.1 POST ywd100.com/index/login/verificationCode
[运行时间：0.067004s] [吞吐率：14.92req/s] [内存消耗：2,185.03kb] [文件加载：41]
[ info ] [ LANG ] E:\phpStudy\WWW\ywd100\thinkphp\lang\zh-cn.php
[ info ] [ ROUTE ] array (
  'type' => 'module',
  'module' => 
  array (
    0 => 'index',
    1 => 'login',
    2 => 'verificationCode',
  ),
)
[ info ] [ HEADER ] array (
  'cookie' => 'PHPSESSID=o81juqi6ie57dd5n6r070gkt12',
  'accept-language' => 'zh-CN,zh;q=0.9',
  'accept-encoding' => 'gzip, deflate',
  'referer' => 'http://ywd100.com/index/course_pay/coursePay',
  'origin' => 'http://ywd100.com',
  'content-type' => 'application/x-www-form-urlencoded; charset=UTF-8',
  'user-agent' => 'Mozilla/5.0 (Windows NT 6.1; Win64; x64) AppleWebKit/537.36 (KHTML, like Gecko) Chrome/87.0.4280.88 Safari/537.36',
  'x-requested-with' => 'XMLHttpRequest',
  'accept' => '*/*',
  'content-length' => '12',
  'connection' => 'keep-alive',
  'host' => 'ywd100.com',
)
[ info ] [ PARAM ] array (
  'phone' => '',
  'code' => '',
)
[ info ] [ DB ] INIT mysql
[ info ] [ RUN ] app\index\controller\Login->verificationCode[ E:\phpStudy\WWW\ywd100\application\index\controller\Login.php ]
[ info ] [ LOG ] INIT File
[ sql ] [ DB ] CONNECT:[ UseTime:0.001000s ] mysql:host=127.0.0.1;port=3306;dbname=ydtkt_new;charset=utf8
[ sql ] [ SQL ] SHOW COLUMNS FROM `guard_check_code` [ RunTime:0.015001s ]
[ sql ] [ SQL ] SELECT * FROM `guard_check_code` WHERE  `phone` = ''  AND `expire_time` >= 1609383245 ORDER BY `id` DESC LIMIT 1 [ RunTime:0.001000s ]
---------------------------------------------------------------
[ 2020-12-31T10:54:10+08:00 ] 127.0.0.1 POST ywd100.com/index/login/verificationCode
[运行时间：0.057003s] [吞吐率：17.54req/s] [内存消耗：2,185.03kb] [文件加载：41]
[ info ] [ LANG ] E:\phpStudy\WWW\ywd100\thinkphp\lang\zh-cn.php
[ info ] [ ROUTE ] array (
  'type' => 'module',
  'module' => 
  array (
    0 => 'index',
    1 => 'login',
    2 => 'verificationCode',
  ),
)
[ info ] [ HEADER ] array (
  'cookie' => 'PHPSESSID=o81juqi6ie57dd5n6r070gkt12',
  'accept-language' => 'zh-CN,zh;q=0.9',
  'accept-encoding' => 'gzip, deflate',
  'referer' => 'http://ywd100.com/index/course_pay/coursePay',
  'origin' => 'http://ywd100.com',
  'content-type' => 'application/x-www-form-urlencoded; charset=UTF-8',
  'user-agent' => 'Mozilla/5.0 (Windows NT 6.1; Win64; x64) AppleWebKit/537.36 (KHTML, like Gecko) Chrome/87.0.4280.88 Safari/537.36',
  'x-requested-with' => 'XMLHttpRequest',
  'accept' => '*/*',
  'content-length' => '12',
  'connection' => 'keep-alive',
  'host' => 'ywd100.com',
)
[ info ] [ PARAM ] array (
  'phone' => '',
  'code' => '',
)
[ info ] [ DB ] INIT mysql
[ info ] [ RUN ] app\index\controller\Login->verificationCode[ E:\phpStudy\WWW\ywd100\application\index\controller\Login.php ]
[ info ] [ LOG ] INIT File
[ sql ] [ DB ] CONNECT:[ UseTime:0.001000s ] mysql:host=127.0.0.1;port=3306;dbname=ydtkt_new;charset=utf8
[ sql ] [ SQL ] SHOW COLUMNS FROM `guard_check_code` [ RunTime:0.010000s ]
[ sql ] [ SQL ] SELECT * FROM `guard_check_code` WHERE  `phone` = ''  AND `expire_time` >= 1609383250 ORDER BY `id` DESC LIMIT 1 [ RunTime:0.000000s ]
---------------------------------------------------------------
[ 2020-12-31T10:54:11+08:00 ] 127.0.0.1 POST ywd100.com/index/course_pay/courseWxCodePay
[运行时间：0.631036s] [吞吐率：1.58req/s] [内存消耗：2,607.06kb] [文件加载：48]
[ info ] [ LANG ] E:\phpStudy\WWW\ywd100\thinkphp\lang\zh-cn.php
[ info ] [ ROUTE ] array (
  'type' => 'module',
  'module' => 
  array (
    0 => 'index',
    1 => 'course_pay',
    2 => 'courseWxCodePay',
  ),
)
[ info ] [ HEADER ] array (
  'cookie' => 'PHPSESSID=o81juqi6ie57dd5n6r070gkt12',
  'accept-language' => 'zh-CN,zh;q=0.9',
  'accept-encoding' => 'gzip, deflate',
  'referer' => 'http://ywd100.com/index/course_pay/coursePay',
  'origin' => 'http://ywd100.com',
  'content-type' => 'application/x-www-form-urlencoded; charset=UTF-8',
  'user-agent' => 'Mozilla/5.0 (Windows NT 6.1; Win64; x64) AppleWebKit/537.36 (KHTML, like Gecko) Chrome/87.0.4280.88 Safari/537.36',
  'x-requested-with' => 'XMLHttpRequest',
  'accept' => '*/*',
  'content-length' => '32',
  'connection' => 'keep-alive',
  'host' => 'ywd100.com',
)
[ info ] [ PARAM ] array (
  'phone' => '',
  'register_from' => '1',
  'money' => '9.9',
)
[ info ] [ DB ] INIT mysql
[ info ] [ RUN ] app\index\controller\CoursePay->courseWxCodePay[ E:\phpStudy\WWW\ywd100\application\index\controller\CoursePay.php ]
[ info ] [ LOG ] INIT File
[ sql ] [ DB ] CONNECT:[ UseTime:0.002000s ] mysql:host=127.0.0.1;port=3306;dbname=ydtkt_new;charset=utf8
[ sql ] [ SQL ] SHOW COLUMNS FROM `guard_person` [ RunTime:0.012000s ]
[ sql ] [ SQL ] SELECT * FROM `guard_person` WHERE  `phone` = '' LIMIT 1 [ RunTime:0.001000s ]
[ sql ] [ SQL ] SHOW COLUMNS FROM `guard_order_person_son` [ RunTime:0.010000s ]
[ sql ] [ SQL ] SELECT * FROM `guard_order_person_son` WHERE  `person_id` = 341  AND `is_audition` = 1 ORDER BY `endtime` DESC LIMIT 1 [ RunTime:0.001000s ]
[ sql ] [ SQL ] SHOW COLUMNS FROM `guard_order_person` [ RunTime:0.011001s ]
[ sql ] [ SQL ] INSERT INTO `guard_order_person` (`order` , `money` , `person_id` , `strtime` , `payment` , `payMoney` , `discount_price`) VALUES ('1609383250374302' , 0.01 , 341 , '2020-12-31 10:54:10' , 4 , 0.01 , 0) [ RunTime:0.041002s ]
[ sql ] [ SQL ] INSERT INTO `guard_order_person_son` (`order_son_id` , `person_id` , `order_id` , `money` , `strtime` , `payment` , `payMoney` , `num` , `type` , `is_audition` , `video_class_id`) VALUES ('1609383250903856' , 341 , '1609383250374302' , 0.01 , '2020-12-31 10:54:10' , 4 , 0.01 , 1 , 1 , 1 , '0') [ RunTime:0.169010s ]
---------------------------------------------------------------
[ 2020-12-31T10:56:12+08:00 ] 127.0.0.1 POST ywd100.com/index/index/closeBrowserIpLog
[运行时间：0.085005s] [吞吐率：11.76req/s] [内存消耗：2,309.63kb] [文件加载：46]
[ info ] [ LANG ] E:\phpStudy\WWW\ywd100\thinkphp\lang\zh-cn.php
[ info ] [ ROUTE ] array (
  'type' => 'module',
  'module' => 
  array (
    0 => 'index',
    1 => 'index',
    2 => 'closeBrowserIpLog',
  ),
)
[ info ] [ HEADER ] array (
  'cookie' => 'PHPSESSID=o81juqi6ie57dd5n6r070gkt12',
  'accept-language' => 'zh-CN,zh;q=0.9',
  'accept-encoding' => 'gzip, deflate',
  'referer' => 'http://ywd100.com/index/course_pay/coursePay',
  'origin' => 'http://ywd100.com',
  'x-requested-with' => 'XMLHttpRequest',
  'user-agent' => 'Mozilla/5.0 (Windows NT 6.1; Win64; x64) AppleWebKit/537.36 (KHTML, like Gecko) Chrome/87.0.4280.88 Safari/537.36',
  'accept' => '*/*',
  'content-length' => '0',
  'connection' => 'keep-alive',
  'host' => 'ywd100.com',
  'content-type' => '',
)
[ info ] [ PARAM ] array (
)
[ info ] [ DB ] INIT mysql
[ info ] [ RUN ] app\index\controller\Index->closeBrowserIpLog[ E:\phpStudy\WWW\ywd100\application\index\controller\Index.php ]
[ info ] [ LOG ] INIT File
[ sql ] [ DB ] CONNECT:[ UseTime:0.010001s ] mysql:host=127.0.0.1;port=3306;dbname=ydtkt_new;charset=utf8
[ sql ] [ SQL ] SHOW COLUMNS FROM `guard_subject` [ RunTime:0.011001s ]
[ sql ] [ SQL ] SELECT `subject` FROM `guard_subject` WHERE  `id` IN (1,2,3,10) [ RunTime:0.001000s ]
[ error ] [8]未定义数组索引: uid[E:\phpStudy\WWW\ywd100\application\index\controller\Index.php:777]
---------------------------------------------------------------
[ 2020-12-31T10:56:12+08:00 ] 127.0.0.1 GET ywd100.com/index/course_pay/coursePay
[运行时间：0.277016s] [吞吐率：3.61req/s] [内存消耗：2,687.13kb] [文件加载：50]
[ info ] [ LANG ] E:\phpStudy\WWW\ywd100\thinkphp\lang\zh-cn.php
[ info ] [ ROUTE ] array (
  'type' => 'module',
  'module' => 
  array (
    0 => 'index',
    1 => 'course_pay',
    2 => 'coursePay',
  ),
)
[ info ] [ HEADER ] array (
  'cookie' => 'PHPSESSID=o81juqi6ie57dd5n6r070gkt12',
  'accept-language' => 'zh-CN,zh;q=0.9',
  'accept-encoding' => 'gzip, deflate',
  'accept' => 'text/html,application/xhtml+xml,application/xml;q=0.9,image/avif,image/webp,image/apng,*/*;q=0.8,application/signed-exchange;v=b3;q=0.9',
  'user-agent' => 'Mozilla/5.0 (Windows NT 6.1; Win64; x64) AppleWebKit/537.36 (KHTML, like Gecko) Chrome/87.0.4280.88 Safari/537.36',
  'upgrade-insecure-requests' => '1',
  'cache-control' => 'max-age=0',
  'connection' => 'keep-alive',
  'host' => 'ywd100.com',
  'content-length' => '',
  'content-type' => '',
)
[ info ] [ PARAM ] array (
)
[ info ] [ DB ] INIT mysql
[ info ] [ RUN ] app\index\controller\CoursePay->coursePay[ E:\phpStudy\WWW\ywd100\application\index\controller\CoursePay.php ]
[ info ] [ VIEW ] E:\phpStudy\WWW\ywd100\application/../Template/default/index\course\coursePay.html [ array (
  0 => 'url',
) ]
[ info ] [ LOG ] INIT File
[ sql ] [ DB ] CONNECT:[ UseTime:0.002000s ] mysql:host=127.0.0.1;port=3306;dbname=ydtkt_new;charset=utf8
[ sql ] [ SQL ] SHOW COLUMNS FROM `guard_visitors` [ RunTime:0.011001s ]
[ sql ] [ SQL ] INSERT INTO `guard_visitors` (`is_wx` , `froms` , `ip` , `add_time` , `system` , `browser` , `pageview` , `source_link`) VALUES (0 , '内网ip' , '127.0.0.1' , 1609383372 , 'Windows 7' , 'Chrome 87.0.4280.88' , '/index/course_pay/coursePay' , ' ') [ RunTime:0.039002s ]
---------------------------------------------------------------
[ 2020-12-31T10:56:13+08:00 ] 127.0.0.1 GET ywd100.com/index/Login/judgeLogin
[运行时间：0.044002s] [吞吐率：22.73req/s] [内存消耗：2,082.90kb] [文件加载：39]
[ info ] [ LANG ] E:\phpStudy\WWW\ywd100\thinkphp\lang\zh-cn.php
[ info ] [ ROUTE ] array (
  'type' => 'module',
  'module' => 
  array (
    0 => 'index',
    1 => 'Login',
    2 => 'judgeLogin',
  ),
)
[ info ] [ HEADER ] array (
  'cookie' => 'PHPSESSID=o81juqi6ie57dd5n6r070gkt12',
  'accept-language' => 'zh-CN,zh;q=0.9',
  'accept-encoding' => 'gzip, deflate',
  'referer' => 'http://ywd100.com/index/course_pay/coursePay',
  'x-requested-with' => 'XMLHttpRequest',
  'user-agent' => 'Mozilla/5.0 (Windows NT 6.1; Win64; x64) AppleWebKit/537.36 (KHTML, like Gecko) Chrome/87.0.4280.88 Safari/537.36',
  'accept' => 'application/json, text/javascript, */*; q=0.01',
  'connection' => 'keep-alive',
  'host' => 'ywd100.com',
  'content-length' => '',
  'content-type' => '',
)
[ info ] [ PARAM ] array (
)
[ info ] [ DB ] INIT mysql
[ info ] [ RUN ] app\index\controller\Login->judgeLogin[ E:\phpStudy\WWW\ywd100\application\index\controller\Login.php ]
[ info ] [ LOG ] INIT File
---------------------------------------------------------------
[ 2020-12-31T11:13:09+08:00 ] 127.0.0.1 POST ywd100.com/index/index/closeBrowserIpLog
[运行时间：0.098006s] [吞吐率：10.20req/s] [内存消耗：2,309.63kb] [文件加载：46]
[ info ] [ LANG ] E:\phpStudy\WWW\ywd100\thinkphp\lang\zh-cn.php
[ info ] [ ROUTE ] array (
  'type' => 'module',
  'module' => 
  array (
    0 => 'index',
    1 => 'index',
    2 => 'closeBrowserIpLog',
  ),
)
[ info ] [ HEADER ] array (
  'cookie' => 'PHPSESSID=o81juqi6ie57dd5n6r070gkt12',
  'accept-language' => 'zh-CN,zh;q=0.9',
  'accept-encoding' => 'gzip, deflate',
  'referer' => 'http://ywd100.com/index/course_pay/coursePay',
  'origin' => 'http://ywd100.com',
  'x-requested-with' => 'XMLHttpRequest',
  'user-agent' => 'Mozilla/5.0 (Windows NT 6.1; Win64; x64) AppleWebKit/537.36 (KHTML, like Gecko) Chrome/87.0.4280.88 Safari/537.36',
  'accept' => '*/*',
  'content-length' => '0',
  'connection' => 'keep-alive',
  'host' => 'ywd100.com',
  'content-type' => '',
)
[ info ] [ PARAM ] array (
)
[ info ] [ DB ] INIT mysql
[ info ] [ RUN ] app\index\controller\Index->closeBrowserIpLog[ E:\phpStudy\WWW\ywd100\application\index\controller\Index.php ]
[ info ] [ LOG ] INIT File
[ sql ] [ DB ] CONNECT:[ UseTime:0.007000s ] mysql:host=127.0.0.1;port=3306;dbname=ydtkt_new;charset=utf8
[ sql ] [ SQL ] SHOW COLUMNS FROM `guard_subject` [ RunTime:0.015001s ]
[ sql ] [ SQL ] SELECT `subject` FROM `guard_subject` WHERE  `id` IN (1,2,3,10) [ RunTime:0.004000s ]
[ error ] [8]未定义数组索引: uid[E:\phpStudy\WWW\ywd100\application\index\controller\Index.php:777]
---------------------------------------------------------------
[ 2020-12-31T11:13:09+08:00 ] 127.0.0.1 GET ywd100.com/index/course_pay/coursePay
[运行时间：0.314018s] [吞吐率：3.18req/s] [内存消耗：3,227.44kb] [文件加载：53]
[ info ] [ LANG ] E:\phpStudy\WWW\ywd100\thinkphp\lang\zh-cn.php
[ info ] [ ROUTE ] array (
  'type' => 'module',
  'module' => 
  array (
    0 => 'index',
    1 => 'course_pay',
    2 => 'coursePay',
  ),
)
[ info ] [ HEADER ] array (
  'cookie' => 'PHPSESSID=o81juqi6ie57dd5n6r070gkt12',
  'accept-language' => 'zh-CN,zh;q=0.9',
  'accept-encoding' => 'gzip, deflate',
  'accept' => 'text/html,application/xhtml+xml,application/xml;q=0.9,image/avif,image/webp,image/apng,*/*;q=0.8,application/signed-exchange;v=b3;q=0.9',
  'user-agent' => 'Mozilla/5.0 (Windows NT 6.1; Win64; x64) AppleWebKit/537.36 (KHTML, like Gecko) Chrome/87.0.4280.88 Safari/537.36',
  'upgrade-insecure-requests' => '1',
  'cache-control' => 'max-age=0',
  'connection' => 'keep-alive',
  'host' => 'ywd100.com',
  'content-length' => '',
  'content-type' => '',
)
[ info ] [ PARAM ] array (
)
[ info ] [ DB ] INIT mysql
[ info ] [ RUN ] app\index\controller\CoursePay->coursePay[ E:\phpStudy\WWW\ywd100\application\index\controller\CoursePay.php ]
[ info ] [ VIEW ] E:\phpStudy\WWW\ywd100\application/../Template/default/index\course\coursePay.html [ array (
  0 => 'url',
) ]
[ info ] [ LOG ] INIT File
[ sql ] [ DB ] CONNECT:[ UseTime:0.001000s ] mysql:host=127.0.0.1;port=3306;dbname=ydtkt_new;charset=utf8
[ sql ] [ SQL ] SHOW COLUMNS FROM `guard_visitors` [ RunTime:0.013001s ]
[ sql ] [ SQL ] INSERT INTO `guard_visitors` (`is_wx` , `froms` , `ip` , `add_time` , `system` , `browser` , `pageview` , `source_link`) VALUES (0 , '内网ip' , '127.0.0.1' , 1609384389 , 'Windows 7' , 'Chrome 87.0.4280.88' , '/index/course_pay/coursePay' , ' ') [ RunTime:0.039002s ]
---------------------------------------------------------------
[ 2020-12-31T11:13:10+08:00 ] 127.0.0.1 GET ywd100.com/index/Login/judgeLogin
[运行时间：0.053003s] [吞吐率：18.87req/s] [内存消耗：2,082.90kb] [文件加载：39]
[ info ] [ LANG ] E:\phpStudy\WWW\ywd100\thinkphp\lang\zh-cn.php
[ info ] [ ROUTE ] array (
  'type' => 'module',
  'module' => 
  array (
    0 => 'index',
    1 => 'Login',
    2 => 'judgeLogin',
  ),
)
[ info ] [ HEADER ] array (
  'cookie' => 'PHPSESSID=o81juqi6ie57dd5n6r070gkt12',
  'accept-language' => 'zh-CN,zh;q=0.9',
  'accept-encoding' => 'gzip, deflate',
  'referer' => 'http://ywd100.com/index/course_pay/coursePay',
  'x-requested-with' => 'XMLHttpRequest',
  'user-agent' => 'Mozilla/5.0 (Windows NT 6.1; Win64; x64) AppleWebKit/537.36 (KHTML, like Gecko) Chrome/87.0.4280.88 Safari/537.36',
  'accept' => 'application/json, text/javascript, */*; q=0.01',
  'connection' => 'keep-alive',
  'host' => 'ywd100.com',
  'content-length' => '',
  'content-type' => '',
)
[ info ] [ PARAM ] array (
)
[ info ] [ DB ] INIT mysql
[ info ] [ RUN ] app\index\controller\Login->judgeLogin[ E:\phpStudy\WWW\ywd100\application\index\controller\Login.php ]
[ info ] [ LOG ] INIT File
---------------------------------------------------------------
[ 2020-12-31T11:13:16+08:00 ] 127.0.0.1 POST ywd100.com/index/login/verificationCode
[运行时间：0.056003s] [吞吐率：17.86req/s] [内存消耗：2,185.03kb] [文件加载：41]
[ info ] [ LANG ] E:\phpStudy\WWW\ywd100\thinkphp\lang\zh-cn.php
[ info ] [ ROUTE ] array (
  'type' => 'module',
  'module' => 
  array (
    0 => 'index',
    1 => 'login',
    2 => 'verificationCode',
  ),
)
[ info ] [ HEADER ] array (
  'cookie' => 'PHPSESSID=o81juqi6ie57dd5n6r070gkt12',
  'accept-language' => 'zh-CN,zh;q=0.9',
  'accept-encoding' => 'gzip, deflate',
  'referer' => 'http://ywd100.com/index/course_pay/coursePay',
  'origin' => 'http://ywd100.com',
  'content-type' => 'application/x-www-form-urlencoded; charset=UTF-8',
  'user-agent' => 'Mozilla/5.0 (Windows NT 6.1; Win64; x64) AppleWebKit/537.36 (KHTML, like Gecko) Chrome/87.0.4280.88 Safari/537.36',
  'x-requested-with' => 'XMLHttpRequest',
  'accept' => '*/*',
  'content-length' => '12',
  'connection' => 'keep-alive',
  'host' => 'ywd100.com',
)
[ info ] [ PARAM ] array (
  'phone' => '',
  'code' => '',
)
[ info ] [ DB ] INIT mysql
[ info ] [ RUN ] app\index\controller\Login->verificationCode[ E:\phpStudy\WWW\ywd100\application\index\controller\Login.php ]
[ info ] [ LOG ] INIT File
[ sql ] [ DB ] CONNECT:[ UseTime:0.010001s ] mysql:host=127.0.0.1;port=3306;dbname=ydtkt_new;charset=utf8
[ sql ] [ SQL ] SHOW COLUMNS FROM `guard_check_code` [ RunTime:0.009000s ]
[ sql ] [ SQL ] SELECT * FROM `guard_check_code` WHERE  `phone` = ''  AND `expire_time` >= 1609384396 ORDER BY `id` DESC LIMIT 1 [ RunTime:0.000000s ]
---------------------------------------------------------------
[ 2020-12-31T11:13:16+08:00 ] 127.0.0.1 POST ywd100.com/index/course_pay/courseWxCodePay
[运行时间：0.614035s] [吞吐率：1.63req/s] [内存消耗：2,983.59kb] [文件加载：49]
[ info ] [ LANG ] E:\phpStudy\WWW\ywd100\thinkphp\lang\zh-cn.php
[ info ] [ ROUTE ] array (
  'type' => 'module',
  'module' => 
  array (
    0 => 'index',
    1 => 'course_pay',
    2 => 'courseWxCodePay',
  ),
)
[ info ] [ HEADER ] array (
  'cookie' => 'PHPSESSID=o81juqi6ie57dd5n6r070gkt12',
  'accept-language' => 'zh-CN,zh;q=0.9',
  'accept-encoding' => 'gzip, deflate',
  'referer' => 'http://ywd100.com/index/course_pay/coursePay',
  'origin' => 'http://ywd100.com',
  'content-type' => 'application/x-www-form-urlencoded; charset=UTF-8',
  'user-agent' => 'Mozilla/5.0 (Windows NT 6.1; Win64; x64) AppleWebKit/537.36 (KHTML, like Gecko) Chrome/87.0.4280.88 Safari/537.36',
  'x-requested-with' => 'XMLHttpRequest',
  'accept' => '*/*',
  'content-length' => '32',
  'connection' => 'keep-alive',
  'host' => 'ywd100.com',
)
[ info ] [ PARAM ] array (
  'phone' => '',
  'register_from' => '1',
  'money' => '9.9',
)
[ info ] [ DB ] INIT mysql
[ info ] [ RUN ] app\index\controller\CoursePay->courseWxCodePay[ E:\phpStudy\WWW\ywd100\application\index\controller\CoursePay.php ]
[ info ] [ LOG ] INIT File
[ sql ] [ DB ] CONNECT:[ UseTime:0.011001s ] mysql:host=127.0.0.1;port=3306;dbname=ydtkt_new;charset=utf8
[ sql ] [ SQL ] SHOW COLUMNS FROM `guard_person` [ RunTime:0.016001s ]
[ sql ] [ SQL ] SELECT * FROM `guard_person` WHERE  `phone` = '' LIMIT 1 [ RunTime:0.004000s ]
[ sql ] [ SQL ] SHOW COLUMNS FROM `guard_order_person_son` [ RunTime:0.017001s ]
[ sql ] [ SQL ] SELECT * FROM `guard_order_person_son` WHERE  `person_id` = 341  AND `is_audition` = 1 ORDER BY `endtime` DESC LIMIT 1 [ RunTime:0.001001s ]
[ sql ] [ SQL ] SHOW COLUMNS FROM `guard_order_person` [ RunTime:0.017000s ]
[ sql ] [ SQL ] INSERT INTO `guard_order_person` (`order` , `money` , `person_id` , `strtime` , `payment` , `payMoney` , `discount_price`) VALUES ('1609384396309969' , 0.01 , 341 , '2020-12-31 11:13:16' , 4 , 0.01 , 0) [ RunTime:0.041003s ]
[ sql ] [ SQL ] INSERT INTO `guard_order_person_son` (`order_son_id` , `person_id` , `order_id` , `money` , `strtime` , `payment` , `payMoney` , `num` , `type` , `is_audition` , `video_class_id`) VALUES ('1609384396574620' , 341 , '1609384396309969' , 0.01 , '2020-12-31 11:13:16' , 4 , 0.01 , 1 , 1 , 1 , '0') [ RunTime:0.021001s ]
---------------------------------------------------------------
[ 2020-12-31T11:13:17+08:00 ] 127.0.0.1 GET ywd100.com/index/course_pay/getQrcode?data=weixin://wxpay/bizpayurl?pr=70t54vEzz
[运行时间：0.315018s] [吞吐率：3.17req/s] [内存消耗：3,035.43kb] [文件加载：50]
[ info ] [ LANG ] E:\phpStudy\WWW\ywd100\thinkphp\lang\zh-cn.php
[ info ] [ ROUTE ] array (
  'type' => 'module',
  'module' => 
  array (
    0 => 'index',
    1 => 'course_pay',
    2 => 'getQrcode',
  ),
)
[ info ] [ HEADER ] array (
  'cookie' => 'PHPSESSID=o81juqi6ie57dd5n6r070gkt12',
  'accept-language' => 'zh-CN,zh;q=0.9',
  'accept-encoding' => 'gzip, deflate',
  'referer' => 'http://ywd100.com/index/course_pay/coursePay',
  'accept' => 'image/avif,image/webp,image/apng,image/*,*/*;q=0.8',
  'user-agent' => 'Mozilla/5.0 (Windows NT 6.1; Win64; x64) AppleWebKit/537.36 (KHTML, like Gecko) Chrome/87.0.4280.88 Safari/537.36',
  'connection' => 'keep-alive',
  'host' => 'ywd100.com',
  'content-length' => '',
  'content-type' => '',
)
[ info ] [ PARAM ] array (
  'data' => 'weixin://wxpay/bizpayurl?pr=70t54vEzz',
)
[ info ] [ DB ] INIT mysql
[ info ] [ RUN ] app\index\controller\CoursePay->getQrcode[ E:\phpStudy\WWW\ywd100\application\index\controller\CoursePay.php ]
[ info ] [ LOG ] INIT File
[ sql ] [ DB ] CONNECT:[ UseTime:0.001000s ] mysql:host=127.0.0.1;port=3306;dbname=ydtkt_new;charset=utf8
[ sql ] [ SQL ] SHOW COLUMNS FROM `guard_visitors` [ RunTime:0.014001s ]
[ sql ] [ SQL ] INSERT INTO `guard_visitors` (`is_wx` , `froms` , `ip` , `add_time` , `system` , `browser` , `pageview` , `source_link`) VALUES (0 , '内网ip' , '127.0.0.1' , 1609384397 , 'Windows 7' , 'Chrome 87.0.4280.88' , '/index/course_pay/getQrcode' , 'http://ywd100.com/index/course_pay/coursePay') [ RunTime:0.039002s ]
---------------------------------------------------------------
[ 2020-12-31T11:43:41+08:00 ] 127.0.0.1 GET ywd100.com/index/course_pay/coursePay
[运行时间：0.410024s] [吞吐率：2.44req/s] [内存消耗：3,227.25kb] [文件加载：53]
[ info ] [ LANG ] E:\phpStudy\WWW\ywd100\thinkphp\lang\zh-cn.php
[ info ] [ ROUTE ] array (
  'type' => 'module',
  'module' => 
  array (
    0 => 'index',
    1 => 'course_pay',
    2 => 'coursePay',
  ),
)
[ info ] [ HEADER ] array (
  'cookie' => 'PHPSESSID=o81juqi6ie57dd5n6r070gkt12',
  'accept-language' => 'zh-CN,zh;q=0.9',
  'accept-encoding' => 'gzip, deflate',
  'accept' => 'text/html,application/xhtml+xml,application/xml;q=0.9,image/avif,image/webp,image/apng,*/*;q=0.8,application/signed-exchange;v=b3;q=0.9',
  'user-agent' => 'Mozilla/5.0 (Windows NT 6.1; Win64; x64) AppleWebKit/537.36 (KHTML, like Gecko) Chrome/87.0.4280.88 Safari/537.36',
  'upgrade-insecure-requests' => '1',
  'connection' => 'keep-alive',
  'host' => 'ywd100.com',
  'content-length' => '',
  'content-type' => '',
)
[ info ] [ PARAM ] array (
)
[ info ] [ DB ] INIT mysql
[ info ] [ RUN ] app\index\controller\CoursePay->coursePay[ E:\phpStudy\WWW\ywd100\application\index\controller\CoursePay.php ]
[ info ] [ VIEW ] E:\phpStudy\WWW\ywd100\application/../Template/default/index\course\coursePay.html [ array (
  0 => 'url',
) ]
[ info ] [ LOG ] INIT File
[ sql ] [ DB ] CONNECT:[ UseTime:0.001000s ] mysql:host=127.0.0.1;port=3306;dbname=ydtkt_new;charset=utf8
[ sql ] [ SQL ] SHOW COLUMNS FROM `guard_visitors` [ RunTime:0.016001s ]
[ sql ] [ SQL ] INSERT INTO `guard_visitors` (`is_wx` , `froms` , `ip` , `add_time` , `system` , `browser` , `pageview` , `source_link`) VALUES (0 , '内网ip' , '127.0.0.1' , 1609386221 , 'Windows 7' , 'Chrome 87.0.4280.88' , '/index/course_pay/coursePay' , ' ') [ RunTime:0.096005s ]
---------------------------------------------------------------
[ 2020-12-31T11:43:42+08:00 ] 127.0.0.1 GET ywd100.com/index/Login/judgeLogin
[运行时间：0.039002s] [吞吐率：25.64req/s] [内存消耗：2,082.90kb] [文件加载：39]
[ info ] [ LANG ] E:\phpStudy\WWW\ywd100\thinkphp\lang\zh-cn.php
[ info ] [ ROUTE ] array (
  'type' => 'module',
  'module' => 
  array (
    0 => 'index',
    1 => 'Login',
    2 => 'judgeLogin',
  ),
)
[ info ] [ HEADER ] array (
  'cookie' => 'PHPSESSID=o81juqi6ie57dd5n6r070gkt12',
  'accept-language' => 'zh-CN,zh;q=0.9',
  'accept-encoding' => 'gzip, deflate',
  'referer' => 'http://ywd100.com/index/course_pay/coursePay',
  'x-requested-with' => 'XMLHttpRequest',
  'user-agent' => 'Mozilla/5.0 (Windows NT 6.1; Win64; x64) AppleWebKit/537.36 (KHTML, like Gecko) Chrome/87.0.4280.88 Safari/537.36',
  'accept' => 'application/json, text/javascript, */*; q=0.01',
  'connection' => 'keep-alive',
  'host' => 'ywd100.com',
  'content-length' => '',
  'content-type' => '',
)
[ info ] [ PARAM ] array (
)
[ info ] [ DB ] INIT mysql
[ info ] [ RUN ] app\index\controller\Login->judgeLogin[ E:\phpStudy\WWW\ywd100\application\index\controller\Login.php ]
[ info ] [ LOG ] INIT File
---------------------------------------------------------------
[ 2020-12-31T11:44:52+08:00 ] 127.0.0.1 GET ywd100.com/index/course_pay/getQrcode?data=weixin://wxpay/bizpayurl?pr=70t54vEzz
[运行时间：0.265015s] [吞吐率：3.77req/s] [内存消耗：3,035.18kb] [文件加载：50]
[ info ] [ LANG ] E:\phpStudy\WWW\ywd100\thinkphp\lang\zh-cn.php
[ info ] [ ROUTE ] array (
  'type' => 'module',
  'module' => 
  array (
    0 => 'index',
    1 => 'course_pay',
    2 => 'getQrcode',
  ),
)
[ info ] [ HEADER ] array (
  'cookie' => 'PHPSESSID=o81juqi6ie57dd5n6r070gkt12',
  'accept-language' => 'zh-CN,zh;q=0.9',
  'accept-encoding' => 'gzip, deflate',
  'accept' => 'text/html,application/xhtml+xml,application/xml;q=0.9,image/avif,image/webp,image/apng,*/*;q=0.8,application/signed-exchange;v=b3;q=0.9',
  'user-agent' => 'Mozilla/5.0 (Windows NT 6.1; Win64; x64) AppleWebKit/537.36 (KHTML, like Gecko) Chrome/87.0.4280.88 Safari/537.36',
  'upgrade-insecure-requests' => '1',
  'connection' => 'keep-alive',
  'host' => 'ywd100.com',
  'content-length' => '',
  'content-type' => '',
)
[ info ] [ PARAM ] array (
  'data' => 'weixin://wxpay/bizpayurl?pr=70t54vEzz',
)
[ info ] [ DB ] INIT mysql
[ info ] [ RUN ] app\index\controller\CoursePay->getQrcode[ E:\phpStudy\WWW\ywd100\application\index\controller\CoursePay.php ]
[ info ] [ LOG ] INIT File
[ sql ] [ DB ] CONNECT:[ UseTime:0.001000s ] mysql:host=127.0.0.1;port=3306;dbname=ydtkt_new;charset=utf8
[ sql ] [ SQL ] SHOW COLUMNS FROM `guard_visitors` [ RunTime:0.009001s ]
[ sql ] [ SQL ] INSERT INTO `guard_visitors` (`is_wx` , `froms` , `ip` , `add_time` , `system` , `browser` , `pageview` , `source_link`) VALUES (0 , '内网ip' , '127.0.0.1' , 1609386292 , 'Windows 7' , 'Chrome 87.0.4280.88' , '/index/course_pay/getQrcode' , ' ') [ RunTime:0.051003s ]
---------------------------------------------------------------
[ 2020-12-31T11:44:52+08:00 ] 127.0.0.1 POST ywd100.com/index/index/closeBrowserIpLog
[运行时间：0.071004s] [吞吐率：14.08req/s] [内存消耗：2,326.19kb] [文件加载：45]
[ info ] [ LANG ] E:\phpStudy\WWW\ywd100\thinkphp\lang\zh-cn.php
[ info ] [ ROUTE ] array (
  'type' => 'module',
  'module' => 
  array (
    0 => 'index',
    1 => 'index',
    2 => 'closeBrowserIpLog',
  ),
)
[ info ] [ HEADER ] array (
  'cookie' => 'PHPSESSID=o81juqi6ie57dd5n6r070gkt12',
  'accept-language' => 'zh-CN,zh;q=0.9',
  'accept-encoding' => 'gzip, deflate',
  'referer' => 'http://ywd100.com/index/course_pay/coursePay',
  'origin' => 'http://ywd100.com',
  'x-requested-with' => 'XMLHttpRequest',
  'user-agent' => 'Mozilla/5.0 (Windows NT 6.1; Win64; x64) AppleWebKit/537.36 (KHTML, like Gecko) Chrome/87.0.4280.88 Safari/537.36',
  'accept' => '*/*',
  'content-length' => '0',
  'connection' => 'keep-alive',
  'host' => 'ywd100.com',
  'content-type' => '',
)
[ info ] [ PARAM ] array (
)
[ info ] [ DB ] INIT mysql
[ info ] [ RUN ] app\index\controller\Index->closeBrowserIpLog[ E:\phpStudy\WWW\ywd100\application\index\controller\Index.php ]
[ info ] [ LOG ] INIT File
[ sql ] [ DB ] CONNECT:[ UseTime:0.002000s ] mysql:host=127.0.0.1;port=3306;dbname=ydtkt_new;charset=utf8
[ sql ] [ SQL ] SHOW COLUMNS FROM `guard_subject` [ RunTime:0.012001s ]
[ sql ] [ SQL ] SELECT `subject` FROM `guard_subject` WHERE  `id` IN (1,2,3,10) [ RunTime:0.000000s ]
[ error ] [8]未定义数组索引: uid[E:\phpStudy\WWW\ywd100\application\index\controller\Index.php:777]
---------------------------------------------------------------
[ 2020-12-31T11:44:58+08:00 ] 127.0.0.1 GET ywd100.com/index/course_pay/getQrcode?data=weixin://wxpay/bizpayurl?pr=70t54vEzz
[运行时间：0.330019s] [吞吐率：3.03req/s] [内存消耗：3,036.01kb] [文件加载：50]
[ info ] [ LANG ] E:\phpStudy\WWW\ywd100\thinkphp\lang\zh-cn.php
[ info ] [ ROUTE ] array (
  'type' => 'module',
  'module' => 
  array (
    0 => 'index',
    1 => 'course_pay',
    2 => 'getQrcode',
  ),
)
[ info ] [ HEADER ] array (
  'cookie' => 'PHPSESSID=o81juqi6ie57dd5n6r070gkt12',
  'accept-language' => 'zh-CN,zh;q=0.9',
  'accept-encoding' => 'gzip, deflate',
  'accept' => 'text/html,application/xhtml+xml,application/xml;q=0.9,image/avif,image/webp,image/apng,*/*;q=0.8,application/signed-exchange;v=b3;q=0.9',
  'user-agent' => 'Mozilla/5.0 (iPhone; CPU iPhone OS 13_2_3 like Mac OS X) AppleWebKit/605.1.15 (KHTML, like Gecko) Version/13.0.3 Mobile/15E148 Safari/604.1',
  'upgrade-insecure-requests' => '1',
  'cache-control' => 'max-age=0',
  'connection' => 'keep-alive',
  'host' => 'ywd100.com',
  'content-length' => '',
  'content-type' => '',
)
[ info ] [ PARAM ] array (
  'data' => 'weixin://wxpay/bizpayurl?pr=70t54vEzz',
)
[ info ] [ DB ] INIT mysql
[ info ] [ RUN ] app\index\controller\CoursePay->getQrcode[ E:\phpStudy\WWW\ywd100\application\index\controller\CoursePay.php ]
[ info ] [ LOG ] INIT File
[ sql ] [ DB ] CONNECT:[ UseTime:0.001000s ] mysql:host=127.0.0.1;port=3306;dbname=ydtkt_new;charset=utf8
[ sql ] [ SQL ] SHOW COLUMNS FROM `guard_visitors` [ RunTime:0.014001s ]
[ sql ] [ SQL ] INSERT INTO `guard_visitors` (`is_wx` , `froms` , `ip` , `add_time` , `system` , `browser` , `pageview` , `source_link`) VALUES (0 , '内网ip' , '127.0.0.1' , 1609386298 , 'Mozilla/5.0 (iPhone; CPU iPhone OS 13_2_3 like Mac OS X) AppleWebKit/605.1.15 (KHTML, like Gecko) Version/13.0.3 Mobile/15E148 Safari/604.1' , 'Safari 5.0' , '/index/course_pay/getQrcode' , ' ') [ RunTime:0.043002s ]
---------------------------------------------------------------
[ 2020-12-31T11:44:59+08:00 ] 127.0.0.1 GET ywd100.com/index/course_pay/getQrcode?data=weixin://wxpay/bizpayurl?pr=70t54vEzz
[运行时间：0.312017s] [吞吐率：3.20req/s] [内存消耗：3,036.01kb] [文件加载：50]
[ info ] [ LANG ] E:\phpStudy\WWW\ywd100\thinkphp\lang\zh-cn.php
[ info ] [ ROUTE ] array (
  'type' => 'module',
  'module' => 
  array (
    0 => 'index',
    1 => 'course_pay',
    2 => 'getQrcode',
  ),
)
[ info ] [ HEADER ] array (
  'cookie' => 'PHPSESSID=o81juqi6ie57dd5n6r070gkt12',
  'accept-language' => 'zh-CN,zh;q=0.9',
  'accept-encoding' => 'gzip, deflate',
  'accept' => 'text/html,application/xhtml+xml,application/xml;q=0.9,image/avif,image/webp,image/apng,*/*;q=0.8,application/signed-exchange;v=b3;q=0.9',
  'user-agent' => 'Mozilla/5.0 (iPhone; CPU iPhone OS 13_2_3 like Mac OS X) AppleWebKit/605.1.15 (KHTML, like Gecko) Version/13.0.3 Mobile/15E148 Safari/604.1',
  'upgrade-insecure-requests' => '1',
  'cache-control' => 'max-age=0',
  'connection' => 'keep-alive',
  'host' => 'ywd100.com',
  'content-length' => '',
  'content-type' => '',
)
[ info ] [ PARAM ] array (
  'data' => 'weixin://wxpay/bizpayurl?pr=70t54vEzz',
)
[ info ] [ DB ] INIT mysql
[ info ] [ RUN ] app\index\controller\CoursePay->getQrcode[ E:\phpStudy\WWW\ywd100\application\index\controller\CoursePay.php ]
[ info ] [ LOG ] INIT File
[ sql ] [ DB ] CONNECT:[ UseTime:0.001000s ] mysql:host=127.0.0.1;port=3306;dbname=ydtkt_new;charset=utf8
[ sql ] [ SQL ] SHOW COLUMNS FROM `guard_visitors` [ RunTime:0.011000s ]
[ sql ] [ SQL ] INSERT INTO `guard_visitors` (`is_wx` , `froms` , `ip` , `add_time` , `system` , `browser` , `pageview` , `source_link`) VALUES (0 , '内网ip' , '127.0.0.1' , 1609386299 , 'Mozilla/5.0 (iPhone; CPU iPhone OS 13_2_3 like Mac OS X) AppleWebKit/605.1.15 (KHTML, like Gecko) Version/13.0.3 Mobile/15E148 Safari/604.1' , 'Safari 5.0' , '/index/course_pay/getQrcode' , ' ') [ RunTime:0.041002s ]
---------------------------------------------------------------
[ 2020-12-31T11:48:00+08:00 ] 127.0.0.1 POST ywd100.com/index/index/closeBrowserIpLog
[运行时间：0.107006s] [吞吐率：9.35req/s] [内存消耗：2,326.19kb] [文件加载：45]
[ info ] [ LANG ] E:\phpStudy\WWW\ywd100\thinkphp\lang\zh-cn.php
[ info ] [ ROUTE ] array (
  'type' => 'module',
  'module' => 
  array (
    0 => 'index',
    1 => 'index',
    2 => 'closeBrowserIpLog',
  ),
)
[ info ] [ HEADER ] array (
  'cookie' => 'PHPSESSID=o81juqi6ie57dd5n6r070gkt12',
  'accept-language' => 'zh-CN,zh;q=0.9',
  'accept-encoding' => 'gzip, deflate',
  'referer' => 'http://ywd100.com/index/course_pay/coursePay',
  'origin' => 'http://ywd100.com',
  'x-requested-with' => 'XMLHttpRequest',
  'user-agent' => 'Mozilla/5.0 (Windows NT 6.1; Win64; x64) AppleWebKit/537.36 (KHTML, like Gecko) Chrome/87.0.4280.88 Safari/537.36',
  'accept' => '*/*',
  'content-length' => '0',
  'connection' => 'keep-alive',
  'host' => 'ywd100.com',
  'content-type' => '',
)
[ info ] [ PARAM ] array (
)
[ info ] [ DB ] INIT mysql
[ info ] [ RUN ] app\index\controller\Index->closeBrowserIpLog[ E:\phpStudy\WWW\ywd100\application\index\controller\Index.php ]
[ info ] [ LOG ] INIT File
[ sql ] [ DB ] CONNECT:[ UseTime:0.003000s ] mysql:host=127.0.0.1;port=3306;dbname=ydtkt_new;charset=utf8
[ sql ] [ SQL ] SHOW COLUMNS FROM `guard_subject` [ RunTime:0.032002s ]
[ sql ] [ SQL ] SELECT `subject` FROM `guard_subject` WHERE  `id` IN (1,2,3,10) [ RunTime:0.001000s ]
[ error ] [8]未定义数组索引: uid[E:\phpStudy\WWW\ywd100\application\index\controller\Index.php:777]
